2018-09-10 11:24:03,145 - DEBUG - indexingtomongo - ('insertRawSkillsToClusters >>>', 0)
2018-09-10 11:24:03,357 - DEBUG - indexingtomongo - ('insertRawSkillsToClusters >>>', 100)
2018-09-10 11:36:50,757 - CRITICAL - indexingtomongo - invalid syntax (vectorFetcher.py, line 45)
2018-09-10 11:37:22,717 - CRITICAL - indexingtomongo - invalid syntax (vectorFetcher.py, line 45)
2018-09-10 11:37:53,587 - CRITICAL - indexingtomongo - invalid syntax (vectorFetcher.py, line 46)
2018-09-10 11:38:50,477 - CRITICAL - indexingtomongo - invalid syntax (vectorFetcher.py, line 45)
2018-09-10 11:39:31,632 - CRITICAL - indexingtomongo - invalid syntax (vectorFetcher.py, line 45)
2018-09-10 11:39:40,371 - CRITICAL - indexingtomongo - invalid syntax (vectorFetcher.py, line 45)
2018-09-10 11:39:49,531 - CRITICAL - indexingtomongo - invalid syntax (vectorFetcher.py, line 45)
2018-09-10 11:39:56,977 - CRITICAL - indexingtomongo - invalid syntax (vectorFetcher.py, line 45)
2018-09-10 11:40:54,361 - CRITICAL - indexingtomongo - invalid syntax (vectorFetcher.py, line 45)
2018-09-10 11:41:31,632 - DEBUG - indexingtomongo - ('insertRawSkillsToClusters >>>', 0)
2018-09-10 11:41:31,777 - DEBUG - indexingtomongo - ('insertRawSkillsToClusters >>>', 100)
2018-09-10 11:42:19,269 - CRITICAL - indexingtomongo - invalid syntax (vectorFetcher.py, line 45)
2018-09-10 11:43:16,642 - CRITICAL - indexingtomongo - invalid syntax (vectorFetcher.py, line 46)
2018-09-10 11:43:37,590 - DEBUG - indexingtomongo - ('insertRawSkillsToClusters >>>', 0)
2018-09-10 11:43:37,765 - DEBUG - indexingtomongo - ('insertRawSkillsToClusters >>>', 100)
2018-09-10 11:45:09,845 - DEBUG - indexingtomongo - ('insertRawSkillsToClusters >>>', 0)
2018-09-10 11:45:10,039 - DEBUG - indexingtomongo - ('insertRawSkillsToClusters >>>', 226)
2018-09-10 11:45:57,396 - DEBUG - indexingtomongo - ('insertRawSkillsToClusters >>>', 0)
2018-09-10 11:45:57,550 - DEBUG - indexingtomongo - ('insertRawSkillsToClusters >>>', 100)
2018-09-10 11:46:06,780 - CRITICAL - indexingtomongo - invalid syntax (vectorFetcher.py, line 46)
2018-09-10 11:46:06,782 - DEBUG - indexingtomongo - ('insertRawSkillsToClusters >>>', 0)
2018-09-10 11:46:14,559 - CRITICAL - indexingtomongo - invalid syntax (vectorFetcher.py, line 46)
2018-09-10 11:46:14,561 - DEBUG - indexingtomongo - ('insertRawSkillsToClusters >>>', 0)
2018-09-10 11:46:21,697 - DEBUG - indexingtomongo - ('insertRawSkillsToClusters >>>', 0)
2018-09-10 11:46:21,891 - DEBUG - indexingtomongo - ('insertRawSkillsToClusters >>>', 225)
2018-09-10 11:46:36,424 - DEBUG - indexingtomongo - ('insertRawSkillsToClusters >>>', 0)
2018-09-10 11:46:36,573 - DEBUG - indexingtomongo - ('insertRawSkillsToClusters >>>', 365)
2018-09-10 11:50:57,381 - DEBUG - indexingtomongo - ('insertRawSkillsToClusters >>>', 0)
2018-09-10 11:50:57,534 - DEBUG - indexingtomongo - ('insertRawSkillsToClusters >>>', 492)
2018-09-10 11:55:49,102 - CRITICAL - indexingtomongo - non-default argument follows default argument (vectorFetcher.py, line 38)
2018-09-10 11:56:13,452 - DEBUG - indexingtomongo - ('insertRawSkillsToClusters >>>', 0)
2018-09-10 11:56:13,595 - DEBUG - indexingtomongo - ('insertRawSkillsToClusters >>>', 100)
2018-09-10 11:56:25,846 - DEBUG - indexingtomongo - ('insertRawSkillsToClusters >>>', 0)
2018-09-10 11:56:25,990 - DEBUG - indexingtomongo - ('insertRawSkillsToClusters >>>', 225)
2018-09-10 11:57:31,093 - CRITICAL - indexingtomongo - non-default argument follows default argument (vectorFetcher.py, line 38)
2018-09-10 11:57:31,095 - DEBUG - indexingtomongo - ('insertRawSkillsToClusters >>>', 0)
2018-09-10 11:57:39,304 - CRITICAL - indexingtomongo - non-default argument follows default argument (vectorFetcher.py, line 38)
2018-09-10 11:57:39,306 - DEBUG - indexingtomongo - ('insertRawSkillsToClusters >>>', 0)
2018-09-10 11:57:49,684 - DEBUG - indexingtomongo - ('insertRawSkillsToClusters >>>', 0)
2018-09-10 11:57:49,850 - DEBUG - indexingtomongo - ('insertRawSkillsToClusters >>>', 360)
2018-09-10 11:58:03,376 - DEBUG - indexingtomongo - ('insertRawSkillsToClusters >>>', 0)
2018-09-10 11:59:04,855 - DEBUG - indexingtomongo - ('insertRawSkillsToClusters >>>', 0)
2018-09-10 11:59:15,587 - DEBUG - indexingtomongo - ('insertRawSkillsToClusters >>>', 0)
2018-09-10 11:59:31,959 - DEBUG - indexingtomongo - ('insertRawSkillsToClusters >>>', 0)
2018-09-10 11:59:44,116 - DEBUG - indexingtomongo - ('insertRawSkillsToClusters >>>', 0)
2018-09-10 11:59:52,248 - DEBUG - indexingtomongo - ('insertRawSkillsToClusters >>>', 0)
2018-09-10 12:00:02,944 - DEBUG - indexingtomongo - ('insertRawSkillsToClusters >>>', 0)
2018-09-10 12:00:12,499 - CRITICAL - indexingtomongo - name 'sort' is not defined
2018-09-10 12:00:12,500 - DEBUG - indexingtomongo - ('insertRawSkillsToClusters >>>', 0)
2018-09-10 12:00:33,698 - DEBUG - indexingtomongo - ('insertRawSkillsToClusters >>>', 0)
2018-09-10 12:00:50,072 - DEBUG - indexingtomongo - ('insertRawSkillsToClusters >>>', 0)
2018-09-10 12:01:09,604 - CRITICAL - indexingtomongo - 'NoneType' object has no attribute 'sort'
2018-09-10 12:01:09,605 - DEBUG - indexingtomongo - ('insertRawSkillsToClusters >>>', 0)
2018-09-10 12:02:16,772 - DEBUG - indexingtomongo - ('insertRawSkillsToClusters >>>', 0)
2018-09-10 12:02:27,188 - DEBUG - indexingtomongo - ('insertRawSkillsToClusters >>>', 0)
2018-09-10 12:02:43,889 - DEBUG - indexingtomongo - ('insertRawSkillsToClusters >>>', 0)
2018-09-10 12:03:06,797 - DEBUG - indexingtomongo - ('insertRawSkillsToClusters >>>', 0)
2018-09-10 12:04:28,751 - DEBUG - indexingtomongo - ('insertRawSkillsToClusters >>>', 0)
2018-09-10 12:07:17,373 - DEBUG - indexingtomongo - ('insertRawSkillsToClusters >>>', 0)
2018-09-10 12:07:29,843 - DEBUG - indexingtomongo - ('insertRawSkillsToClusters >>>', 0)
2018-09-10 12:19:31,600 - CRITICAL - indexingtomongo - document must be an instance of dict, bson.son.SON, bson.raw_bson.RawBSONDocument, or a type that inherits from collections.MutableMapping
2018-09-10 12:19:31,602 - DEBUG - indexingtomongo - ('insertRawSkillsToClusters >>>', 0)
2018-09-10 12:20:26,895 - CRITICAL - indexingtomongo - document must be an instance of dict, bson.son.SON, bson.raw_bson.RawBSONDocument, or a type that inherits from collections.MutableMapping
2018-09-10 12:21:06,902 - CRITICAL - indexingtomongo - document must be an instance of dict, bson.son.SON, bson.raw_bson.RawBSONDocument, or a type that inherits from collections.MutableMapping
2018-09-10 12:21:47,897 - CRITICAL - indexingtomongo - document must be an instance of dict, bson.son.SON, bson.raw_bson.RawBSONDocument, or a type that inherits from collections.MutableMapping
2018-09-10 12:22:05,062 - CRITICAL - indexingtomongo - document must be an instance of dict, bson.son.SON, bson.raw_bson.RawBSONDocument, or a type that inherits from collections.MutableMapping
2018-09-10 12:22:31,294 - CRITICAL - indexingtomongo - document must be an instance of dict, bson.son.SON, bson.raw_bson.RawBSONDocument, or a type that inherits from collections.MutableMapping
2018-09-10 12:22:52,597 - CRITICAL - indexingtomongo - document must be an instance of dict, bson.son.SON, bson.raw_bson.RawBSONDocument, or a type that inherits from collections.MutableMapping
2018-09-10 12:23:40,779 - DEBUG - indexingtomongo - ('insertRawSkillsToClusters >>>', 0)
2018-09-10 12:23:40,947 - DEBUG - indexingtomongo - ('insertRawSkillsToClusters >>>', 100)
2018-09-10 12:26:54,820 - CRITICAL - indexingtomongo - document must be an instance of dict, bson.son.SON, bson.raw_bson.RawBSONDocument, or a type that inherits from collections.MutableMapping
2018-09-10 12:26:54,822 - DEBUG - indexingtomongo - ('insertRawSkillsToClusters >>>', 0)
2018-09-10 12:28:59,170 - DEBUG - indexingtomongo - ('insertRawSkillsToClusters >>>', 0)
2018-09-10 12:28:59,321 - DEBUG - indexingtomongo - ('insertRawSkillsToClusters >>>', 234)
2018-09-10 12:29:17,869 - DEBUG - indexingtomongo - ('insertRawSkillsToClusters >>>', 0)
2018-09-10 12:29:18,014 - DEBUG - indexingtomongo - ('insertRawSkillsToClusters >>>', 354)
2018-09-10 12:29:26,240 - DEBUG - indexingtomongo - ('insertRawSkillsToClusters >>>', 0)
2018-09-10 12:29:26,385 - DEBUG - indexingtomongo - ('insertRawSkillsToClusters >>>', 479)
2018-09-10 12:29:41,311 - DEBUG - indexingtomongo - ('insertRawSkillsToClusters >>>', 0)
2018-09-10 12:29:41,492 - DEBUG - indexingtomongo - ('insertRawSkillsToClusters >>>', 604)
2018-09-10 12:29:54,238 - DEBUG - indexingtomongo - ('insertRawSkillsToClusters >>>', 0)
2018-09-10 12:29:54,398 - DEBUG - indexingtomongo - ('insertRawSkillsToClusters >>>', 747)
2018-09-10 12:30:41,559 - DEBUG - indexingtomongo - ('insertRawSkillsToClusters >>>', 0)
2018-09-10 12:30:41,722 - DEBUG - indexingtomongo - ('insertRawSkillsToClusters >>>', 871)
2018-09-10 12:31:26,686 - DEBUG - indexingtomongo - ('insertRawSkillsToClusters >>>', 0)
2018-09-10 12:31:26,922 - DEBUG - indexingtomongo - ('insertRawSkillsToClusters >>>', 1008)
2018-09-10 12:32:13,709 - DEBUG - indexingtomongo - ('insertRawSkillsToClusters >>>', 0)
2018-09-10 12:32:13,842 - DEBUG - indexingtomongo - ('insertRawSkillsToClusters >>>', 1143)
2018-09-10 12:32:50,084 - DEBUG - indexingtomongo - ('insertRawSkillsToClusters >>>', 0)
2018-09-10 12:32:50,262 - DEBUG - indexingtomongo - ('insertRawSkillsToClusters >>>', 1275)
2018-09-10 12:36:04,380 - DEBUG - indexingtomongo - ('insertRawSkillsToClusters >>>', 0)
2018-09-10 12:36:04,590 - DEBUG - indexingtomongo - ('insertRawSkillsToClusters >>>', 1407)
2018-09-10 12:36:11,314 - DEBUG - indexingtomongo - ('insertRawSkillsToClusters >>>', 0)
2018-09-10 12:36:11,484 - DEBUG - indexingtomongo - ('insertRawSkillsToClusters >>>', 1567)
2018-09-10 12:42:21,875 - CRITICAL - indexingtomongo - KMeanDocsFetcher() missing 1 required positional argument: 'limit'
2018-09-10 12:42:21,875 - DEBUG - indexingtomongo - ('insertRawSkillsToClusters >>>', 0)
2018-09-10 12:42:56,203 - CRITICAL - indexingtomongo - KMeanDocsFetcher() missing 1 required positional argument: 'limit'
2018-09-10 12:42:56,203 - DEBUG - indexingtomongo - ('insertRawSkillsToClusters >>>', 0)
2018-09-10 12:42:59,558 - CRITICAL - indexingtomongo - KMeanDocsFetcher() missing 1 required positional argument: 'limit'
2018-09-10 12:42:59,558 - DEBUG - indexingtomongo - ('insertRawSkillsToClusters >>>', 0)
2018-09-10 12:43:16,582 - CRITICAL - indexingtomongo - KMeanDocsFetcher() missing 1 required positional argument: 'limit'
2018-09-10 12:43:16,583 - DEBUG - indexingtomongo - ('insertRawSkillsToClusters >>>', 0)
2018-09-10 12:43:36,960 - CRITICAL - indexingtomongo - KMeanDocsFetcher() missing 1 required positional argument: 'limit'
2018-09-10 12:43:36,960 - DEBUG - indexingtomongo - ('insertRawSkillsToClusters >>>', 0)
2018-09-10 12:43:40,027 - CRITICAL - indexingtomongo - KMeanDocsFetcher() missing 1 required positional argument: 'limit'
2018-09-10 12:43:40,028 - DEBUG - indexingtomongo - ('insertRawSkillsToClusters >>>', 0)
2018-09-10 12:43:42,393 - CRITICAL - indexingtomongo - KMeanDocsFetcher() missing 1 required positional argument: 'limit'
2018-09-10 12:43:42,393 - DEBUG - indexingtomongo - ('insertRawSkillsToClusters >>>', 0)
2018-09-10 12:43:45,287 - CRITICAL - indexingtomongo - KMeanDocsFetcher() missing 1 required positional argument: 'limit'
2018-09-10 12:43:45,287 - DEBUG - indexingtomongo - ('insertRawSkillsToClusters >>>', 0)
2018-09-10 12:43:47,714 - CRITICAL - indexingtomongo - KMeanDocsFetcher() missing 1 required positional argument: 'limit'
2018-09-10 12:43:47,714 - DEBUG - indexingtomongo - ('insertRawSkillsToClusters >>>', 0)
2018-09-10 12:44:39,594 - CRITICAL - indexingtomongo - KMeanDocsFetcher() missing 1 required positional argument: 'limit'
2018-09-10 12:44:39,595 - DEBUG - indexingtomongo - ('insertRawSkillsToClusters >>>', 0)
2018-09-10 12:44:42,122 - CRITICAL - indexingtomongo - KMeanDocsFetcher() missing 1 required positional argument: 'limit'
2018-09-10 12:44:42,123 - DEBUG - indexingtomongo - ('insertRawSkillsToClusters >>>', 0)
2018-09-10 12:44:45,603 - CRITICAL - indexingtomongo - KMeanDocsFetcher() missing 1 required positional argument: 'limit'
2018-09-10 12:44:45,603 - DEBUG - indexingtomongo - ('insertRawSkillsToClusters >>>', 0)
2018-09-10 12:44:47,699 - CRITICAL - indexingtomongo - KMeanDocsFetcher() missing 1 required positional argument: 'limit'
2018-09-10 12:44:47,700 - DEBUG - indexingtomongo - ('insertRawSkillsToClusters >>>', 0)
2018-09-10 12:44:49,576 - CRITICAL - indexingtomongo - KMeanDocsFetcher() missing 1 required positional argument: 'limit'
2018-09-10 12:44:49,577 - DEBUG - indexingtomongo - ('insertRawSkillsToClusters >>>', 0)
2018-09-10 12:46:55,618 - CRITICAL - indexingtomongo - name 'pirnt' is not defined
2018-09-10 12:47:30,493 - CRITICAL - indexingtomongo - name 'pirnt' is not defined
2018-09-10 12:48:44,432 - CRITICAL - indexingtomongo - name 'pirnt' is not defined
2018-09-10 12:48:58,907 - CRITICAL - indexingtomongo - name 'pirnt' is not defined
2018-09-10 12:49:46,510 - CRITICAL - indexingtomongo - name 'pirnt' is not defined
2018-09-10 12:49:57,427 - CRITICAL - indexingtomongo - name 'pirnt' is not defined
2018-09-10 12:50:29,810 - CRITICAL - indexingtomongo - name 'pirnt' is not defined
2018-09-10 12:51:18,824 - CRITICAL - indexingtomongo - name 'pirnt' is not defined
2018-09-10 12:51:50,592 - CRITICAL - indexingtomongo - name 'pirnt' is not defined
2018-09-10 12:52:17,762 - CRITICAL - indexingtomongo - empty vocabulary; perhaps the documents only contain stop words
2018-09-10 12:53:02,146 - CRITICAL - indexingtomongo - empty vocabulary; perhaps the documents only contain stop words
2018-09-10 12:53:09,018 - CRITICAL - indexingtomongo - empty vocabulary; perhaps the documents only contain stop words
2018-09-10 12:53:45,123 - CRITICAL - indexingtomongo - empty vocabulary; perhaps the documents only contain stop words
2018-09-10 12:54:16,567 - CRITICAL - indexingtomongo - empty vocabulary; perhaps the documents only contain stop words
2018-09-10 12:54:42,091 - CRITICAL - indexingtomongo - empty vocabulary; perhaps the documents only contain stop words
2018-09-10 12:55:46,104 - CRITICAL - csvIndexer - [Errno 2] No such file or directory: '/bayt/software/app/allSkills.csv'
2018-09-10 12:55:46,105 - CRITICAL - csvIndexer - [Errno 2] No such file or directory: '/bayt/software/app/allTitles.csv'
2018-09-10 12:55:46,121 - CRITICAL - __main__ - File b'/DataSets/163109-short.csv' does not exist
2018-09-10 12:56:20,043 - CRITICAL - csvIndexer - [Errno 2] No such file or directory: '/bayt/software/app/allSkills.csv'
2018-09-10 12:56:20,044 - CRITICAL - csvIndexer - [Errno 2] No such file or directory: '/bayt/software/app/allTitles.csv'
2018-09-10 12:56:20,045 - CRITICAL - __main__ - File b'/DataSets/163109-short.csv' does not exist
2018-09-10 12:56:33,671 - CRITICAL - csvIndexer - [Errno 2] No such file or directory: '/bayt/software/app/allSkills.csv'
2018-09-10 12:56:33,671 - CRITICAL - csvIndexer - [Errno 2] No such file or directory: '/bayt/software/app/allTitles.csv'
2018-09-10 12:56:33,672 - CRITICAL - __main__ - File b'/DataSets/163109-short.csv' does not exist
2018-09-10 12:57:49,380 - CRITICAL - csvIndexer - [Errno 2] No such file or directory: '/allSkills.csv'
2018-09-10 12:57:49,381 - CRITICAL - csvIndexer - [Errno 2] No such file or directory: '/allTitles.csv'
2018-09-10 12:57:49,382 - CRITICAL - __main__ - File b'/DataSets/163109-short.csv' does not exist
2018-09-10 13:22:00,259 - CRITICAL - csvIndexer - [Errno 2] No such file or directory: '/bayt/software/app/allSkills.csv'
2018-09-10 13:22:00,260 - CRITICAL - csvIndexer - [Errno 2] No such file or directory: '/bayt/software/app/allTitles.csv'
2018-09-10 13:22:08,302 - CRITICAL - __main__ - [Errno 2] No such file or directory: '/bayt/software/app/allSkills.csv'
2018-09-10 13:23:14,221 - CRITICAL - csvIndexer - list index out of range
2018-09-10 13:23:14,221 - CRITICAL - csvIndexer - list index out of range
2018-09-10 13:23:14,552 - CRITICAL - csvIndexer - invalid literal for int() with base 10: 'cv_id'
2018-09-10 13:23:14,601 - CRITICAL - csvIndexer - invalid literal for int() with base 10: 'cv_id'
2018-09-10 13:23:31,590 - DEBUG - csvIndexer - ('csv_experinces', ' >>>>>> ', 226729)
2018-09-10 13:23:34,400 - DEBUG - csvIndexer - ('csv_experinces', ' >>>>>> ', 224723)
2018-09-10 13:23:37,262 - DEBUG - csvIndexer - ('csv_experinces', ' >>>>>> ', 222715)
2018-09-10 13:23:38,037 - DEBUG - csvIndexer - ('csv_skills', ' >>>>>> ', 262704)
2018-09-10 13:23:40,834 - DEBUG - csvIndexer - ('csv_experinces', ' >>>>>> ', 220715)
2018-09-10 13:23:43,600 - DEBUG - csvIndexer - ('csv_experinces', ' >>>>>> ', 218714)
2018-09-10 13:23:46,294 - DEBUG - csvIndexer - ('csv_experinces', ' >>>>>> ', 216713)
2018-09-10 13:23:47,094 - DEBUG - csvIndexer - ('csv_skills', ' >>>>>> ', 260697)
2018-09-10 13:23:49,292 - DEBUG - csvIndexer - ('csv_experinces', ' >>>>>> ', 214707)
2018-09-10 13:23:51,919 - DEBUG - csvIndexer - ('csv_experinces', ' >>>>>> ', 212706)
2018-09-10 13:23:54,510 - DEBUG - csvIndexer - ('csv_experinces', ' >>>>>> ', 210696)
2018-09-10 13:23:57,462 - DEBUG - csvIndexer - ('csv_experinces', ' >>>>>> ', 208686)
2018-09-10 13:23:57,507 - DEBUG - csvIndexer - ('csv_skills', ' >>>>>> ', 258697)
2018-09-10 13:23:57,712 - CRITICAL - csvIndexer - sequence item 0: expected str instance, float found
2018-09-10 13:24:00,327 - CRITICAL - csvIndexer - 'skills'
2018-09-10 13:24:00,415 - DEBUG - csvIndexer - ('csv_experinces', ' >>>>>> ', 206684)
2018-09-10 13:24:03,086 - DEBUG - csvIndexer - ('csv_experinces', ' >>>>>> ', 204676)
2018-09-10 13:24:05,678 - DEBUG - csvIndexer - ('csv_experinces', ' >>>>>> ', 202675)
2018-09-10 13:24:09,064 - DEBUG - csvIndexer - ('csv_experinces', ' >>>>>> ', 200674)
2018-09-10 13:24:09,180 - DEBUG - csvIndexer - ('csv_skills', ' >>>>>> ', 256695)
2018-09-10 13:24:12,332 - DEBUG - csvIndexer - ('csv_experinces', ' >>>>>> ', 198673)
2018-09-10 13:24:15,062 - DEBUG - csvIndexer - ('csv_experinces', ' >>>>>> ', 196665)
2018-09-10 13:29:12,477 - CRITICAL - csvIndexer - list index out of range
2018-09-10 13:29:12,477 - CRITICAL - csvIndexer - list index out of range
2018-09-10 13:29:12,806 - CRITICAL - csvIndexer - invalid literal for int() with base 10: 'cv_id'
2018-09-10 13:29:12,855 - CRITICAL - csvIndexer - invalid literal for int() with base 10: 'cv_id'
2018-09-10 13:29:25,689 - DEBUG - csvIndexer - ('csv_experinces', ' >>>>>> ', 226729)
2018-09-10 13:29:26,549 - DEBUG - csvIndexer - ('csv_experinces', ' >>>>>> ', 224723)
2018-09-10 13:29:27,528 - DEBUG - csvIndexer - ('csv_experinces', ' >>>>>> ', 222715)
2018-09-10 13:29:28,362 - DEBUG - csvIndexer - ('csv_experinces', ' >>>>>> ', 220715)
2018-09-10 13:29:29,273 - DEBUG - csvIndexer - ('csv_experinces', ' >>>>>> ', 218714)
2018-09-10 13:29:30,141 - DEBUG - csvIndexer - ('csv_experinces', ' >>>>>> ', 216713)
2018-09-10 13:29:30,714 - DEBUG - csvIndexer - ('csv_experinces', ' >>>>>> ', 214707)
2018-09-10 13:29:31,242 - DEBUG - csvIndexer - ('csv_experinces', ' >>>>>> ', 212706)
2018-09-10 13:29:31,727 - DEBUG - csvIndexer - ('csv_experinces', ' >>>>>> ', 210696)
2018-09-10 13:29:32,222 - DEBUG - csvIndexer - ('csv_experinces', ' >>>>>> ', 208686)
2018-09-10 13:29:33,473 - DEBUG - csvIndexer - ('csv_experinces', ' >>>>>> ', 206684)
2018-09-10 13:29:33,608 - DEBUG - csvIndexer - ('csv_skills', ' >>>>>> ', 262704)
2018-09-10 13:29:34,395 - DEBUG - csvIndexer - ('csv_experinces', ' >>>>>> ', 204676)
2018-09-10 13:29:35,316 - DEBUG - csvIndexer - ('csv_experinces', ' >>>>>> ', 202675)
2018-09-10 13:29:36,195 - DEBUG - csvIndexer - ('csv_experinces', ' >>>>>> ', 200674)
2018-09-10 13:29:37,025 - DEBUG - csvIndexer - ('csv_experinces', ' >>>>>> ', 198673)
2018-09-10 13:29:37,503 - DEBUG - csvIndexer - ('csv_experinces', ' >>>>>> ', 196665)
2018-09-10 13:29:37,985 - DEBUG - csvIndexer - ('csv_experinces', ' >>>>>> ', 194664)
2018-09-10 13:29:38,528 - DEBUG - csvIndexer - ('csv_experinces', ' >>>>>> ', 192662)
2018-09-10 13:29:38,869 - DEBUG - csvIndexer - ('csv_skills', ' >>>>>> ', 260697)
2018-09-10 13:29:39,304 - DEBUG - csvIndexer - ('csv_experinces', ' >>>>>> ', 190652)
2018-09-10 13:29:40,107 - DEBUG - csvIndexer - ('csv_experinces', ' >>>>>> ', 188652)
2018-09-10 13:29:40,952 - DEBUG - csvIndexer - ('csv_experinces', ' >>>>>> ', 186649)
2018-09-10 13:29:41,896 - DEBUG - csvIndexer - ('csv_experinces', ' >>>>>> ', 184647)
2018-09-10 13:29:42,586 - DEBUG - csvIndexer - ('csv_experinces', ' >>>>>> ', 182642)
2018-09-10 13:29:43,137 - DEBUG - csvIndexer - ('csv_experinces', ' >>>>>> ', 180638)
2018-09-10 13:29:43,689 - DEBUG - csvIndexer - ('csv_experinces', ' >>>>>> ', 178636)
2018-09-10 13:29:44,191 - DEBUG - csvIndexer - ('csv_experinces', ' >>>>>> ', 176626)
2018-09-10 13:29:44,487 - DEBUG - csvIndexer - ('csv_skills', ' >>>>>> ', 258697)
2018-09-10 13:29:44,875 - DEBUG - csvIndexer - ('csv_experinces', ' >>>>>> ', 174623)
2018-09-10 13:29:45,002 - CRITICAL - csvIndexer - sequence item 0: expected str instance, float found
2018-09-10 13:29:45,846 - DEBUG - csvIndexer - ('csv_experinces', ' >>>>>> ', 172621)
2018-09-10 13:29:46,690 - DEBUG - csvIndexer - ('csv_experinces', ' >>>>>> ', 170612)
2018-09-10 13:29:47,545 - DEBUG - csvIndexer - ('csv_experinces', ' >>>>>> ', 168609)
2018-09-10 13:29:48,349 - CRITICAL - csvIndexer - 'skills'
2018-09-10 13:29:48,389 - DEBUG - csvIndexer - ('csv_experinces', ' >>>>>> ', 166599)
2018-09-10 13:29:48,871 - DEBUG - csvIndexer - ('csv_experinces', ' >>>>>> ', 164595)
2018-09-10 13:29:49,348 - DEBUG - csvIndexer - ('csv_experinces', ' >>>>>> ', 162593)
2018-09-10 13:29:49,819 - DEBUG - csvIndexer - ('csv_experinces', ' >>>>>> ', 160586)
2018-09-10 13:29:50,492 - DEBUG - csvIndexer - ('csv_experinces', ' >>>>>> ', 158584)
2018-09-10 13:29:50,734 - DEBUG - csvIndexer - ('csv_skills', ' >>>>>> ', 256695)
2018-09-10 13:29:51,406 - DEBUG - csvIndexer - ('csv_experinces', ' >>>>>> ', 156579)
2018-09-10 13:29:52,271 - DEBUG - csvIndexer - ('csv_experinces', ' >>>>>> ', 154574)
2018-09-10 13:29:53,097 - DEBUG - csvIndexer - ('csv_experinces', ' >>>>>> ', 152573)
2018-09-10 13:29:53,909 - DEBUG - csvIndexer - ('csv_experinces', ' >>>>>> ', 150569)
2018-09-10 13:29:54,637 - DEBUG - csvIndexer - ('csv_experinces', ' >>>>>> ', 148569)
2018-09-10 13:29:55,091 - DEBUG - csvIndexer - ('csv_experinces', ' >>>>>> ', 146569)
2018-09-10 13:29:55,557 - DEBUG - csvIndexer - ('csv_experinces', ' >>>>>> ', 144567)
2018-09-10 13:29:56,018 - DEBUG - csvIndexer - ('csv_experinces', ' >>>>>> ', 142559)
2018-09-10 13:29:56,464 - DEBUG - csvIndexer - ('csv_experinces', ' >>>>>> ', 140556)
2018-09-10 13:29:56,803 - DEBUG - csvIndexer - ('csv_skills', ' >>>>>> ', 254694)
2018-09-10 13:29:57,183 - DEBUG - csvIndexer - ('csv_experinces', ' >>>>>> ', 138556)
2018-09-10 13:29:57,975 - DEBUG - csvIndexer - ('csv_experinces', ' >>>>>> ', 136555)
2018-09-10 13:29:58,802 - DEBUG - csvIndexer - ('csv_experinces', ' >>>>>> ', 134552)
2018-09-10 13:29:59,583 - DEBUG - csvIndexer - ('csv_experinces', ' >>>>>> ', 132550)
2018-09-10 13:30:00,299 - DEBUG - csvIndexer - ('csv_experinces', ' >>>>>> ', 130548)
2018-09-10 13:30:00,730 - DEBUG - csvIndexer - ('csv_experinces', ' >>>>>> ', 128545)
2018-09-10 13:30:01,146 - DEBUG - csvIndexer - ('csv_experinces', ' >>>>>> ', 126545)
2018-09-10 13:30:01,641 - DEBUG - csvIndexer - ('csv_experinces', ' >>>>>> ', 124541)
2018-09-10 13:30:02,074 - DEBUG - csvIndexer - ('csv_experinces', ' >>>>>> ', 122535)
2018-09-10 13:30:02,344 - DEBUG - csvIndexer - ('csv_skills', ' >>>>>> ', 252682)
2018-09-10 13:30:02,720 - DEBUG - csvIndexer - ('csv_experinces', ' >>>>>> ', 120528)
2018-09-10 13:30:03,560 - DEBUG - csvIndexer - ('csv_experinces', ' >>>>>> ', 118527)
2018-09-10 13:30:04,323 - DEBUG - csvIndexer - ('csv_experinces', ' >>>>>> ', 116519)
2018-09-10 13:30:05,118 - DEBUG - csvIndexer - ('csv_experinces', ' >>>>>> ', 114513)
2018-09-10 13:30:05,916 - DEBUG - csvIndexer - ('csv_experinces', ' >>>>>> ', 112510)
2018-09-10 13:30:06,349 - DEBUG - csvIndexer - ('csv_experinces', ' >>>>>> ', 110504)
2018-09-10 13:30:06,756 - DEBUG - csvIndexer - ('csv_experinces', ' >>>>>> ', 108500)
2018-09-10 13:30:07,153 - DEBUG - csvIndexer - ('csv_experinces', ' >>>>>> ', 106497)
2018-09-10 13:30:07,547 - DEBUG - csvIndexer - ('csv_experinces', ' >>>>>> ', 104494)
2018-09-10 13:30:07,964 - DEBUG - csvIndexer - ('csv_experinces', ' >>>>>> ', 102493)
2018-09-10 13:30:08,375 - DEBUG - csvIndexer - ('csv_experinces', ' >>>>>> ', 100490)
2018-09-10 13:30:08,603 - DEBUG - csvIndexer - ('csv_skills', ' >>>>>> ', 250673)
2018-09-10 13:30:08,852 - DEBUG - csvIndexer - ('csv_experinces', ' >>>>>> ', 98488)
2018-09-10 13:30:09,709 - DEBUG - csvIndexer - ('csv_experinces', ' >>>>>> ', 96487)
2018-09-10 13:30:10,398 - DEBUG - csvIndexer - ('csv_experinces', ' >>>>>> ', 94484)
2018-09-10 13:30:11,176 - DEBUG - csvIndexer - ('csv_experinces', ' >>>>>> ', 92476)
2018-09-10 13:30:11,963 - DEBUG - csvIndexer - ('csv_experinces', ' >>>>>> ', 90475)
2018-09-10 13:30:12,346 - DEBUG - csvIndexer - ('csv_experinces', ' >>>>>> ', 88469)
2018-09-10 13:30:12,739 - DEBUG - csvIndexer - ('csv_experinces', ' >>>>>> ', 86468)
2018-09-10 13:30:13,112 - DEBUG - csvIndexer - ('csv_experinces', ' >>>>>> ', 84468)
2018-09-10 13:30:13,495 - DEBUG - csvIndexer - ('csv_experinces', ' >>>>>> ', 82464)
2018-09-10 13:30:13,850 - DEBUG - csvIndexer - ('csv_experinces', ' >>>>>> ', 80462)
2018-09-10 13:30:14,228 - DEBUG - csvIndexer - ('csv_experinces', ' >>>>>> ', 78460)
2018-09-10 13:30:14,467 - DEBUG - csvIndexer - ('csv_skills', ' >>>>>> ', 248666)
2018-09-10 13:30:14,663 - DEBUG - csvIndexer - ('csv_experinces', ' >>>>>> ', 76460)
2018-09-10 13:30:15,339 - DEBUG - csvIndexer - ('csv_experinces', ' >>>>>> ', 74459)
2018-09-10 13:30:16,111 - DEBUG - csvIndexer - ('csv_experinces', ' >>>>>> ', 72457)
2018-09-10 13:30:16,868 - DEBUG - csvIndexer - ('csv_experinces', ' >>>>>> ', 70453)
2018-09-10 13:30:17,615 - DEBUG - csvIndexer - ('csv_experinces', ' >>>>>> ', 68450)
2018-09-10 13:30:18,034 - DEBUG - csvIndexer - ('csv_experinces', ' >>>>>> ', 66449)
2018-09-10 13:30:18,402 - DEBUG - csvIndexer - ('csv_experinces', ' >>>>>> ', 64445)
2018-09-10 13:30:18,770 - DEBUG - csvIndexer - ('csv_experinces', ' >>>>>> ', 62443)
2018-09-10 13:30:19,155 - DEBUG - csvIndexer - ('csv_experinces', ' >>>>>> ', 60440)
2018-09-10 13:30:19,542 - DEBUG - csvIndexer - ('csv_experinces', ' >>>>>> ', 58437)
2018-09-10 13:30:19,906 - DEBUG - csvIndexer - ('csv_experinces', ' >>>>>> ', 56437)
2018-09-10 13:30:20,802 - DEBUG - csvIndexer - ('csv_experinces', ' >>>>>> ', 54433)
2018-09-10 13:30:21,016 - DEBUG - csvIndexer - ('csv_skills', ' >>>>>> ', 246665)
2018-09-10 13:30:21,338 - DEBUG - csvIndexer - ('csv_experinces', ' >>>>>> ', 52432)
2018-09-10 13:30:22,033 - DEBUG - csvIndexer - ('csv_experinces', ' >>>>>> ', 50431)
2018-09-10 13:30:22,705 - DEBUG - csvIndexer - ('csv_experinces', ' >>>>>> ', 48428)
2018-09-10 13:30:23,450 - DEBUG - csvIndexer - ('csv_experinces', ' >>>>>> ', 46418)
2018-09-10 13:30:24,231 - DEBUG - csvIndexer - ('csv_experinces', ' >>>>>> ', 44416)
2018-09-10 13:30:24,708 - DEBUG - csvIndexer - ('csv_experinces', ' >>>>>> ', 42414)
2018-09-10 13:30:25,090 - DEBUG - csvIndexer - ('csv_experinces', ' >>>>>> ', 40408)
2018-09-10 13:30:25,447 - DEBUG - csvIndexer - ('csv_experinces', ' >>>>>> ', 38401)
2018-09-10 13:30:25,811 - DEBUG - csvIndexer - ('csv_experinces', ' >>>>>> ', 36396)
2018-09-10 13:30:26,188 - DEBUG - csvIndexer - ('csv_experinces', ' >>>>>> ', 34391)
2018-09-10 13:30:26,540 - DEBUG - csvIndexer - ('csv_experinces', ' >>>>>> ', 32386)
2018-09-10 13:30:26,876 - DEBUG - csvIndexer - ('csv_experinces', ' >>>>>> ', 30384)
2018-09-10 13:30:27,226 - DEBUG - csvIndexer - ('csv_experinces', ' >>>>>> ', 28381)
2018-09-10 13:30:27,578 - DEBUG - csvIndexer - ('csv_experinces', ' >>>>>> ', 26377)
2018-09-10 13:30:27,954 - DEBUG - csvIndexer - ('csv_experinces', ' >>>>>> ', 24372)
2018-09-10 13:30:28,337 - DEBUG - csvIndexer - ('csv_experinces', ' >>>>>> ', 22371)
2018-09-10 13:30:28,680 - DEBUG - csvIndexer - ('csv_experinces', ' >>>>>> ', 20364)
2018-09-10 13:30:28,894 - DEBUG - csvIndexer - ('csv_skills', ' >>>>>> ', 244661)
2018-09-10 13:30:29,040 - DEBUG - csvIndexer - ('csv_experinces', ' >>>>>> ', 18364)
2018-09-10 13:30:29,599 - DEBUG - csvIndexer - ('csv_experinces', ' >>>>>> ', 16358)
2018-09-10 13:30:30,266 - DEBUG - csvIndexer - ('csv_experinces', ' >>>>>> ', 14356)
2018-09-10 13:30:30,885 - DEBUG - csvIndexer - ('csv_experinces', ' >>>>>> ', 12353)
2018-09-10 13:30:31,605 - DEBUG - csvIndexer - ('csv_experinces', ' >>>>>> ', 10350)
2018-09-10 13:30:32,279 - DEBUG - csvIndexer - ('csv_experinces', ' >>>>>> ', 8348)
2018-09-10 13:30:32,722 - DEBUG - csvIndexer - ('csv_experinces', ' >>>>>> ', 6347)
2018-09-10 13:30:33,118 - DEBUG - csvIndexer - ('csv_experinces', ' >>>>>> ', 4344)
2018-09-10 13:30:33,420 - DEBUG - csvIndexer - ('csv_experinces', ' >>>>>> ', 2344)
2018-09-10 13:30:33,760 - DEBUG - csvIndexer - ('csv_experinces', ' >>>>>> ', 338)
2018-09-10 13:30:33,780 - DEBUG - csvIndexer - ('csv_experinces', ' >>>>>> ', 0)
2018-09-10 13:30:34,648 - DEBUG - csvIndexer - ('csv_skills', ' >>>>>> ', 242657)
2018-09-10 13:30:37,491 - DEBUG - csvIndexer - ('csv_skills', ' >>>>>> ', 240653)
2018-09-10 13:30:40,453 - DEBUG - csvIndexer - ('csv_skills', ' >>>>>> ', 238652)
2018-09-10 13:30:43,346 - DEBUG - csvIndexer - ('csv_skills', ' >>>>>> ', 236647)
2018-09-10 13:30:46,269 - DEBUG - csvIndexer - ('csv_skills', ' >>>>>> ', 234645)
2018-09-10 13:30:49,390 - DEBUG - csvIndexer - ('csv_skills', ' >>>>>> ', 232641)
2018-09-10 13:30:52,386 - DEBUG - csvIndexer - ('csv_skills', ' >>>>>> ', 230633)
2018-09-10 13:30:55,534 - DEBUG - csvIndexer - ('csv_skills', ' >>>>>> ', 228632)
2018-09-10 13:30:58,546 - DEBUG - csvIndexer - ('csv_skills', ' >>>>>> ', 226622)
2018-09-10 13:31:01,883 - DEBUG - csvIndexer - ('csv_skills', ' >>>>>> ', 224618)
2018-09-10 13:31:05,275 - DEBUG - csvIndexer - ('csv_skills', ' >>>>>> ', 222615)
2018-09-10 13:31:08,666 - DEBUG - csvIndexer - ('csv_skills', ' >>>>>> ', 220615)
2018-09-10 13:31:11,881 - DEBUG - csvIndexer - ('csv_skills', ' >>>>>> ', 218614)
2018-09-10 13:31:15,329 - DEBUG - csvIndexer - ('csv_skills', ' >>>>>> ', 216609)
2018-09-10 13:31:18,885 - DEBUG - csvIndexer - ('csv_skills', ' >>>>>> ', 214609)
2018-09-10 13:31:22,727 - DEBUG - csvIndexer - ('csv_skills', ' >>>>>> ', 212602)
2018-09-10 13:31:26,900 - DEBUG - csvIndexer - ('csv_skills', ' >>>>>> ', 210592)
2018-09-10 13:31:30,680 - DEBUG - csvIndexer - ('csv_skills', ' >>>>>> ', 208583)
2018-09-10 13:31:34,471 - DEBUG - csvIndexer - ('csv_skills', ' >>>>>> ', 206580)
2018-09-10 13:31:37,903 - DEBUG - csvIndexer - ('csv_skills', ' >>>>>> ', 204573)
2018-09-10 13:31:41,648 - DEBUG - csvIndexer - ('csv_skills', ' >>>>>> ', 202569)
2018-09-10 13:31:45,494 - DEBUG - csvIndexer - ('csv_skills', ' >>>>>> ', 200567)
2018-09-10 13:31:48,884 - DEBUG - csvIndexer - ('csv_skills', ' >>>>>> ', 198562)
2018-09-10 13:31:52,194 - DEBUG - csvIndexer - ('csv_skills', ' >>>>>> ', 196558)
2018-09-10 13:31:55,561 - DEBUG - csvIndexer - ('csv_skills', ' >>>>>> ', 194553)
2018-09-10 13:31:59,270 - DEBUG - csvIndexer - ('csv_skills', ' >>>>>> ', 192543)
2018-09-10 13:32:02,858 - DEBUG - csvIndexer - ('csv_skills', ' >>>>>> ', 190543)
2018-09-10 13:32:06,515 - DEBUG - csvIndexer - ('csv_skills', ' >>>>>> ', 188532)
2018-09-10 13:32:09,949 - DEBUG - csvIndexer - ('csv_skills', ' >>>>>> ', 186531)
2018-09-10 13:32:13,433 - DEBUG - csvIndexer - ('csv_skills', ' >>>>>> ', 184526)
2018-09-10 13:32:16,985 - DEBUG - csvIndexer - ('csv_skills', ' >>>>>> ', 182524)
2018-09-10 13:32:20,643 - DEBUG - csvIndexer - ('csv_skills', ' >>>>>> ', 180519)
2018-09-10 13:32:21,805 - CRITICAL - csvIndexer - sequence item 0: expected str instance, float found
2018-09-10 13:32:23,465 - CRITICAL - csvIndexer - 'skills'
2018-09-10 13:32:24,086 - DEBUG - csvIndexer - ('csv_skills', ' >>>>>> ', 178519)
2018-09-10 13:32:27,513 - DEBUG - csvIndexer - ('csv_skills', ' >>>>>> ', 176518)
2018-09-10 13:32:31,057 - DEBUG - csvIndexer - ('csv_skills', ' >>>>>> ', 174517)
2018-09-10 13:32:34,578 - DEBUG - csvIndexer - ('csv_skills', ' >>>>>> ', 172515)
2018-09-10 13:32:38,008 - DEBUG - csvIndexer - ('csv_skills', ' >>>>>> ', 170512)
2018-09-10 13:32:41,293 - DEBUG - csvIndexer - ('csv_skills', ' >>>>>> ', 168512)
2018-09-10 13:32:44,671 - DEBUG - csvIndexer - ('csv_skills', ' >>>>>> ', 166510)
2018-09-10 13:32:48,095 - DEBUG - csvIndexer - ('csv_skills', ' >>>>>> ', 164508)
2018-09-10 13:32:51,623 - DEBUG - csvIndexer - ('csv_skills', ' >>>>>> ', 162494)
2018-09-10 13:32:55,008 - DEBUG - csvIndexer - ('csv_skills', ' >>>>>> ', 160486)
2018-09-10 13:32:58,420 - DEBUG - csvIndexer - ('csv_skills', ' >>>>>> ', 158481)
2018-09-10 13:33:02,003 - DEBUG - csvIndexer - ('csv_skills', ' >>>>>> ', 156472)
2018-09-10 13:33:05,412 - DEBUG - csvIndexer - ('csv_skills', ' >>>>>> ', 154458)
2018-09-10 13:33:08,671 - DEBUG - csvIndexer - ('csv_skills', ' >>>>>> ', 152453)
2018-09-10 13:33:11,959 - DEBUG - csvIndexer - ('csv_skills', ' >>>>>> ', 150446)
2018-09-10 13:33:14,996 - DEBUG - csvIndexer - ('csv_skills', ' >>>>>> ', 148443)
2018-09-10 13:33:18,327 - DEBUG - csvIndexer - ('csv_skills', ' >>>>>> ', 146442)
2018-09-10 13:33:21,873 - DEBUG - csvIndexer - ('csv_skills', ' >>>>>> ', 144441)
2018-09-10 13:33:25,039 - DEBUG - csvIndexer - ('csv_skills', ' >>>>>> ', 142415)
2018-09-10 13:33:28,575 - DEBUG - csvIndexer - ('csv_skills', ' >>>>>> ', 140414)
2018-09-10 13:33:31,981 - DEBUG - csvIndexer - ('csv_skills', ' >>>>>> ', 138412)
2018-09-10 13:33:35,287 - DEBUG - csvIndexer - ('csv_skills', ' >>>>>> ', 136398)
2018-09-10 13:33:38,565 - DEBUG - csvIndexer - ('csv_skills', ' >>>>>> ', 134392)
2018-09-10 13:33:41,985 - DEBUG - csvIndexer - ('csv_skills', ' >>>>>> ', 132390)
2018-09-10 13:33:45,511 - DEBUG - csvIndexer - ('csv_skills', ' >>>>>> ', 130390)
2018-09-10 13:33:48,712 - DEBUG - csvIndexer - ('csv_skills', ' >>>>>> ', 128390)
2018-09-10 13:33:51,888 - DEBUG - csvIndexer - ('csv_skills', ' >>>>>> ', 126388)
2018-09-10 13:33:55,070 - DEBUG - csvIndexer - ('csv_skills', ' >>>>>> ', 124382)
2018-09-10 13:33:58,536 - DEBUG - csvIndexer - ('csv_skills', ' >>>>>> ', 122382)
2018-09-10 13:34:01,784 - DEBUG - csvIndexer - ('csv_skills', ' >>>>>> ', 120378)
2018-09-10 13:34:05,158 - DEBUG - csvIndexer - ('csv_skills', ' >>>>>> ', 118368)
2018-09-10 13:34:08,408 - DEBUG - csvIndexer - ('csv_skills', ' >>>>>> ', 116367)
2018-09-10 13:34:11,669 - DEBUG - csvIndexer - ('csv_skills', ' >>>>>> ', 114359)
2018-09-10 13:34:14,970 - DEBUG - csvIndexer - ('csv_skills', ' >>>>>> ', 112354)
2018-09-10 13:34:18,262 - DEBUG - csvIndexer - ('csv_skills', ' >>>>>> ', 110352)
2018-09-10 13:34:21,708 - DEBUG - csvIndexer - ('csv_skills', ' >>>>>> ', 108332)
2018-09-10 13:34:24,983 - DEBUG - csvIndexer - ('csv_skills', ' >>>>>> ', 106330)
2018-09-10 13:34:27,996 - DEBUG - csvIndexer - ('csv_skills', ' >>>>>> ', 104325)
2018-09-10 13:34:30,892 - DEBUG - csvIndexer - ('csv_skills', ' >>>>>> ', 102325)
2018-09-10 13:34:34,172 - DEBUG - csvIndexer - ('csv_skills', ' >>>>>> ', 100325)
2018-09-10 13:34:37,435 - DEBUG - csvIndexer - ('csv_skills', ' >>>>>> ', 98324)
2018-09-10 13:34:40,742 - DEBUG - csvIndexer - ('csv_skills', ' >>>>>> ', 96311)
2018-09-10 13:34:43,800 - DEBUG - csvIndexer - ('csv_skills', ' >>>>>> ', 94311)
2018-09-10 13:34:46,897 - DEBUG - csvIndexer - ('csv_skills', ' >>>>>> ', 92308)
2018-09-10 13:34:49,969 - DEBUG - csvIndexer - ('csv_skills', ' >>>>>> ', 90304)
2018-09-10 13:34:53,217 - DEBUG - csvIndexer - ('csv_skills', ' >>>>>> ', 88302)
2018-09-10 13:34:56,652 - DEBUG - csvIndexer - ('csv_skills', ' >>>>>> ', 86295)
2018-09-10 13:34:59,839 - DEBUG - csvIndexer - ('csv_skills', ' >>>>>> ', 84284)
2018-09-10 13:35:02,837 - DEBUG - csvIndexer - ('csv_skills', ' >>>>>> ', 82278)
2018-09-10 13:35:06,096 - DEBUG - csvIndexer - ('csv_skills', ' >>>>>> ', 80274)
2018-09-10 13:35:09,367 - DEBUG - csvIndexer - ('csv_skills', ' >>>>>> ', 78272)
2018-09-10 13:35:12,737 - DEBUG - csvIndexer - ('csv_skills', ' >>>>>> ', 76271)
2018-09-10 13:35:15,888 - DEBUG - csvIndexer - ('csv_skills', ' >>>>>> ', 74268)
2018-09-10 13:35:19,225 - DEBUG - csvIndexer - ('csv_skills', ' >>>>>> ', 72264)
2018-09-10 13:35:22,362 - DEBUG - csvIndexer - ('csv_skills', ' >>>>>> ', 70259)
2018-09-10 13:35:25,751 - DEBUG - csvIndexer - ('csv_skills', ' >>>>>> ', 68250)
2018-09-10 13:35:29,216 - DEBUG - csvIndexer - ('csv_skills', ' >>>>>> ', 66249)
2018-09-10 13:35:32,607 - DEBUG - csvIndexer - ('csv_skills', ' >>>>>> ', 64246)
2018-09-10 13:35:35,887 - DEBUG - csvIndexer - ('csv_skills', ' >>>>>> ', 62232)
2018-09-10 13:35:39,234 - DEBUG - csvIndexer - ('csv_skills', ' >>>>>> ', 60213)
2018-09-10 13:35:42,328 - DEBUG - csvIndexer - ('csv_skills', ' >>>>>> ', 58209)
2018-09-10 13:35:45,801 - DEBUG - csvIndexer - ('csv_skills', ' >>>>>> ', 56187)
2018-09-10 13:35:48,968 - DEBUG - csvIndexer - ('csv_skills', ' >>>>>> ', 54183)
2018-09-10 13:35:52,509 - DEBUG - csvIndexer - ('csv_skills', ' >>>>>> ', 52181)
2018-09-10 13:35:52,720 - CRITICAL - csvIndexer - sequence item 0: expected str instance, float found
2018-09-10 13:35:54,859 - CRITICAL - csvIndexer - 'skills'
2018-09-10 13:35:55,892 - DEBUG - csvIndexer - ('csv_skills', ' >>>>>> ', 50180)
2018-09-10 13:35:59,197 - DEBUG - csvIndexer - ('csv_skills', ' >>>>>> ', 48174)
2018-09-10 13:36:02,702 - DEBUG - csvIndexer - ('csv_skills', ' >>>>>> ', 46163)
2018-09-10 13:36:05,931 - DEBUG - csvIndexer - ('csv_skills', ' >>>>>> ', 44155)
2018-09-10 13:36:09,511 - DEBUG - csvIndexer - ('csv_skills', ' >>>>>> ', 42153)
2018-09-10 13:36:13,033 - DEBUG - csvIndexer - ('csv_skills', ' >>>>>> ', 40151)
2018-09-10 13:36:16,475 - DEBUG - csvIndexer - ('csv_skills', ' >>>>>> ', 38149)
2018-09-10 13:36:19,858 - DEBUG - csvIndexer - ('csv_skills', ' >>>>>> ', 36143)
2018-09-10 13:36:23,211 - DEBUG - csvIndexer - ('csv_skills', ' >>>>>> ', 34140)
2018-09-10 13:36:26,789 - DEBUG - csvIndexer - ('csv_skills', ' >>>>>> ', 32135)
2018-09-10 13:36:30,532 - DEBUG - csvIndexer - ('csv_skills', ' >>>>>> ', 30134)
2018-09-10 13:36:33,913 - DEBUG - csvIndexer - ('csv_skills', ' >>>>>> ', 28134)
2018-09-10 13:36:37,253 - DEBUG - csvIndexer - ('csv_skills', ' >>>>>> ', 26129)
2018-09-10 13:36:40,541 - DEBUG - csvIndexer - ('csv_skills', ' >>>>>> ', 24126)
2018-09-10 13:36:44,061 - DEBUG - csvIndexer - ('csv_skills', ' >>>>>> ', 22122)
2018-09-10 13:36:47,299 - DEBUG - csvIndexer - ('csv_skills', ' >>>>>> ', 20119)
2018-09-10 13:36:50,710 - DEBUG - csvIndexer - ('csv_skills', ' >>>>>> ', 18115)
2018-09-10 13:36:53,762 - DEBUG - csvIndexer - ('csv_skills', ' >>>>>> ', 16109)
2018-09-10 13:36:57,016 - DEBUG - csvIndexer - ('csv_skills', ' >>>>>> ', 14108)
2018-09-10 13:37:00,279 - DEBUG - csvIndexer - ('csv_skills', ' >>>>>> ', 12103)
2018-09-10 13:37:03,695 - DEBUG - csvIndexer - ('csv_skills', ' >>>>>> ', 10095)
2018-09-10 13:37:07,200 - DEBUG - csvIndexer - ('csv_skills', ' >>>>>> ', 8084)
2018-09-10 13:37:10,457 - DEBUG - csvIndexer - ('csv_skills', ' >>>>>> ', 6082)
2018-09-10 13:37:14,086 - DEBUG - csvIndexer - ('csv_skills', ' >>>>>> ', 4074)
2018-09-10 13:37:17,526 - DEBUG - csvIndexer - ('csv_skills', ' >>>>>> ', 2066)
2018-09-10 13:37:20,878 - DEBUG - csvIndexer - ('csv_skills', ' >>>>>> ', 47)
2018-09-10 13:37:20,911 - DEBUG - csvIndexer - ('csv_skills', ' >>>>>> ', 0)
2018-09-10 14:10:16,698 - CRITICAL - __main__ - local variable 'cleanSkillColl' referenced before assignment
2018-09-10 14:10:35,404 - CRITICAL - __main__ - local variable 'cleanSkillColl' referenced before assignment
2018-09-10 14:11:00,561 - CRITICAL - __main__ - local variable 'cleanSkillColl' referenced before assignment
2018-09-10 14:25:45,292 - DEBUG - indexingtomongo - ('insertRawSkillsToClusters >>>', 0)
2018-09-10 14:25:45,488 - DEBUG - indexingtomongo - ('insertRawSkillsToClusters >>>', 100)
2018-09-10 14:25:45,679 - DEBUG - indexingtomongo - ('insertRawSkillsToClusters >>>', 200)
2018-09-10 14:25:45,881 - DEBUG - indexingtomongo - ('insertRawSkillsToClusters >>>', 300)
2018-09-10 14:25:46,063 - DEBUG - indexingtomongo - ('insertRawSkillsToClusters >>>', 400)
2018-09-10 14:25:46,274 - DEBUG - indexingtomongo - ('insertRawSkillsToClusters >>>', 500)
2018-09-10 14:25:46,484 - DEBUG - indexingtomongo - ('insertRawSkillsToClusters >>>', 600)
2018-09-10 14:25:46,654 - DEBUG - indexingtomongo - ('insertRawSkillsToClusters >>>', 700)
2018-09-10 14:25:46,866 - DEBUG - indexingtomongo - ('insertRawSkillsToClusters >>>', 800)
2018-09-10 14:25:47,091 - DEBUG - indexingtomongo - ('insertRawSkillsToClusters >>>', 900)
2018-09-10 14:25:47,456 - DEBUG - indexingtomongo - ('insertRawSkillsToClusters >>>', 1000)
2018-09-10 14:25:47,698 - DEBUG - indexingtomongo - ('insertRawSkillsToClusters >>>', 1100)
2018-09-10 14:25:47,931 - DEBUG - indexingtomongo - ('insertRawSkillsToClusters >>>', 1200)
2018-09-10 14:25:48,185 - DEBUG - indexingtomongo - ('insertRawSkillsToClusters >>>', 1300)
2018-09-10 14:25:48,425 - DEBUG - indexingtomongo - ('insertRawSkillsToClusters >>>', 1400)
2018-09-10 14:25:48,635 - DEBUG - indexingtomongo - ('insertRawSkillsToClusters >>>', 1500)
2018-09-10 14:25:48,820 - DEBUG - indexingtomongo - ('insertRawSkillsToClusters >>>', 1600)
2018-09-10 14:25:49,022 - DEBUG - indexingtomongo - ('insertRawSkillsToClusters >>>', 1700)
2018-09-10 14:25:49,216 - DEBUG - indexingtomongo - ('insertRawSkillsToClusters >>>', 1800)
2018-09-10 14:25:49,423 - DEBUG - indexingtomongo - ('insertRawSkillsToClusters >>>', 1900)
2018-09-10 14:25:49,674 - DEBUG - indexingtomongo - ('insertRawSkillsToClusters >>>', 2000)
2018-09-10 14:25:49,899 - DEBUG - indexingtomongo - ('insertRawSkillsToClusters >>>', 2100)
2018-09-10 14:25:50,108 - DEBUG - indexingtomongo - ('insertRawSkillsToClusters >>>', 2200)
2018-09-10 14:25:50,317 - DEBUG - indexingtomongo - ('insertRawSkillsToClusters >>>', 2300)
2018-09-10 14:25:50,551 - DEBUG - indexingtomongo - ('insertRawSkillsToClusters >>>', 2400)
2018-09-10 14:25:50,766 - DEBUG - indexingtomongo - ('insertRawSkillsToClusters >>>', 2500)
2018-09-10 14:25:51,007 - DEBUG - indexingtomongo - ('insertRawSkillsToClusters >>>', 2600)
2018-09-10 14:25:51,202 - DEBUG - indexingtomongo - ('insertRawSkillsToClusters >>>', 2700)
2018-09-10 14:25:51,388 - DEBUG - indexingtomongo - ('insertRawSkillsToClusters >>>', 2800)
2018-09-10 14:25:51,600 - DEBUG - indexingtomongo - ('insertRawSkillsToClusters >>>', 2900)
2018-09-10 14:25:51,844 - DEBUG - indexingtomongo - ('insertRawSkillsToClusters >>>', 3000)
2018-09-10 14:25:52,076 - DEBUG - indexingtomongo - ('insertRawSkillsToClusters >>>', 3100)
2018-09-10 14:25:52,312 - DEBUG - indexingtomongo - ('insertRawSkillsToClusters >>>', 3200)
2018-09-10 14:25:52,562 - DEBUG - indexingtomongo - ('insertRawSkillsToClusters >>>', 3300)
2018-09-10 14:25:52,782 - DEBUG - indexingtomongo - ('insertRawSkillsToClusters >>>', 3400)
2018-09-10 14:25:53,012 - DEBUG - indexingtomongo - ('insertRawSkillsToClusters >>>', 3500)
2018-09-10 14:25:53,258 - DEBUG - indexingtomongo - ('insertRawSkillsToClusters >>>', 3600)
2018-09-10 14:25:53,501 - DEBUG - indexingtomongo - ('insertRawSkillsToClusters >>>', 3700)
2018-09-10 14:25:53,713 - DEBUG - indexingtomongo - ('insertRawSkillsToClusters >>>', 3800)
2018-09-10 14:25:53,944 - DEBUG - indexingtomongo - ('insertRawSkillsToClusters >>>', 3900)
2018-09-10 14:25:54,141 - DEBUG - indexingtomongo - ('insertRawSkillsToClusters >>>', 4000)
2018-09-10 14:25:54,382 - DEBUG - indexingtomongo - ('insertRawSkillsToClusters >>>', 4100)
2018-09-10 14:25:54,611 - DEBUG - indexingtomongo - ('insertRawSkillsToClusters >>>', 4200)
2018-09-10 14:25:54,835 - DEBUG - indexingtomongo - ('insertRawSkillsToClusters >>>', 4300)
2018-09-10 14:25:55,069 - DEBUG - indexingtomongo - ('insertRawSkillsToClusters >>>', 4400)
2018-09-10 14:25:55,297 - DEBUG - indexingtomongo - ('insertRawSkillsToClusters >>>', 4500)
2018-09-10 14:25:55,509 - DEBUG - indexingtomongo - ('insertRawSkillsToClusters >>>', 4600)
2018-09-10 14:25:55,710 - DEBUG - indexingtomongo - ('insertRawSkillsToClusters >>>', 4700)
2018-09-10 14:25:55,946 - DEBUG - indexingtomongo - ('insertRawSkillsToClusters >>>', 4800)
2018-09-10 14:25:56,195 - DEBUG - indexingtomongo - ('insertRawSkillsToClusters >>>', 4900)
2018-09-10 14:25:56,424 - DEBUG - indexingtomongo - ('insertRawSkillsToClusters >>>', 5000)
2018-09-10 14:25:56,668 - DEBUG - indexingtomongo - ('insertRawSkillsToClusters >>>', 5100)
2018-09-10 14:25:56,871 - DEBUG - indexingtomongo - ('insertRawSkillsToClusters >>>', 5200)
2018-09-10 14:25:57,106 - DEBUG - indexingtomongo - ('insertRawSkillsToClusters >>>', 5300)
2018-09-10 14:25:57,378 - DEBUG - indexingtomongo - ('insertRawSkillsToClusters >>>', 5400)
2018-09-10 14:25:57,584 - DEBUG - indexingtomongo - ('insertRawSkillsToClusters >>>', 5500)
2018-09-10 14:25:57,802 - DEBUG - indexingtomongo - ('insertRawSkillsToClusters >>>', 5600)
2018-09-10 14:25:58,021 - DEBUG - indexingtomongo - ('insertRawSkillsToClusters >>>', 5700)
2018-09-10 14:25:58,213 - DEBUG - indexingtomongo - ('insertRawSkillsToClusters >>>', 5800)
2018-09-10 14:25:58,443 - DEBUG - indexingtomongo - ('insertRawSkillsToClusters >>>', 5900)
2018-09-10 14:25:58,641 - DEBUG - indexingtomongo - ('insertRawSkillsToClusters >>>', 6000)
2018-09-10 14:25:58,844 - DEBUG - indexingtomongo - ('insertRawSkillsToClusters >>>', 6100)
2018-09-10 14:25:59,069 - DEBUG - indexingtomongo - ('insertRawSkillsToClusters >>>', 6200)
2018-09-10 14:25:59,281 - DEBUG - indexingtomongo - ('insertRawSkillsToClusters >>>', 6300)
2018-09-10 14:25:59,481 - DEBUG - indexingtomongo - ('insertRawSkillsToClusters >>>', 6400)
2018-09-10 14:25:59,678 - DEBUG - indexingtomongo - ('insertRawSkillsToClusters >>>', 6500)
2018-09-10 14:25:59,876 - DEBUG - indexingtomongo - ('insertRawSkillsToClusters >>>', 6600)
2018-09-10 14:26:00,089 - DEBUG - indexingtomongo - ('insertRawSkillsToClusters >>>', 6700)
2018-09-10 14:26:00,290 - DEBUG - indexingtomongo - ('insertRawSkillsToClusters >>>', 6800)
2018-09-10 14:26:00,501 - DEBUG - indexingtomongo - ('insertRawSkillsToClusters >>>', 6900)
2018-09-10 14:26:00,733 - DEBUG - indexingtomongo - ('insertRawSkillsToClusters >>>', 7000)
2018-09-10 14:26:00,934 - DEBUG - indexingtomongo - ('insertRawSkillsToClusters >>>', 7100)
2018-09-10 14:26:01,116 - DEBUG - indexingtomongo - ('insertRawSkillsToClusters >>>', 7200)
2018-09-10 14:26:01,331 - DEBUG - indexingtomongo - ('insertRawSkillsToClusters >>>', 7300)
2018-09-10 14:26:01,547 - DEBUG - indexingtomongo - ('insertRawSkillsToClusters >>>', 7400)
2018-09-10 14:26:01,747 - DEBUG - indexingtomongo - ('insertRawSkillsToClusters >>>', 7500)
2018-09-10 14:26:01,955 - DEBUG - indexingtomongo - ('insertRawSkillsToClusters >>>', 7600)
2018-09-10 14:26:02,128 - DEBUG - indexingtomongo - ('insertRawSkillsToClusters >>>', 7700)
2018-09-10 14:26:02,345 - DEBUG - indexingtomongo - ('insertRawSkillsToClusters >>>', 7800)
2018-09-10 14:26:02,560 - DEBUG - indexingtomongo - ('insertRawSkillsToClusters >>>', 7900)
2018-09-10 14:26:02,790 - DEBUG - indexingtomongo - ('insertRawSkillsToClusters >>>', 8000)
2018-09-10 14:26:02,920 - DEBUG - indexingtomongo - ('insertRawSkillsToClusters >>>', 8100)
2018-09-10 14:26:03,048 - DEBUG - indexingtomongo - ('insertRawSkillsToClusters >>>', 8200)
2018-09-10 14:26:03,213 - DEBUG - indexingtomongo - ('insertRawSkillsToClusters >>>', 8300)
2018-09-10 14:26:03,351 - DEBUG - indexingtomongo - ('insertRawSkillsToClusters >>>', 8400)
2018-09-10 14:26:03,507 - DEBUG - indexingtomongo - ('insertRawSkillsToClusters >>>', 8500)
2018-09-10 14:26:03,691 - DEBUG - indexingtomongo - ('insertRawSkillsToClusters >>>', 8600)
2018-09-10 14:26:03,875 - DEBUG - indexingtomongo - ('insertRawSkillsToClusters >>>', 8700)
2018-09-10 14:26:04,076 - DEBUG - indexingtomongo - ('insertRawSkillsToClusters >>>', 8800)
2018-09-10 14:26:04,248 - DEBUG - indexingtomongo - ('insertRawSkillsToClusters >>>', 8900)
2018-09-10 14:26:04,411 - DEBUG - indexingtomongo - ('insertRawSkillsToClusters >>>', 9000)
2018-09-10 14:26:04,661 - DEBUG - indexingtomongo - ('insertRawSkillsToClusters >>>', 9100)
2018-09-10 14:26:04,813 - DEBUG - indexingtomongo - ('insertRawSkillsToClusters >>>', 9200)
2018-09-10 14:26:05,003 - DEBUG - indexingtomongo - ('insertRawSkillsToClusters >>>', 9300)
2018-09-10 14:26:05,175 - DEBUG - indexingtomongo - ('insertRawSkillsToClusters >>>', 9400)
2018-09-10 14:26:05,375 - DEBUG - indexingtomongo - ('insertRawSkillsToClusters >>>', 9500)
2018-09-10 14:26:05,591 - DEBUG - indexingtomongo - ('insertRawSkillsToClusters >>>', 9600)
2018-09-10 14:26:05,793 - DEBUG - indexingtomongo - ('insertRawSkillsToClusters >>>', 9700)
2018-09-10 14:26:06,006 - DEBUG - indexingtomongo - ('insertRawSkillsToClusters >>>', 9800)
2018-09-10 14:26:06,210 - DEBUG - indexingtomongo - ('insertRawSkillsToClusters >>>', 9900)
2018-09-10 14:26:06,438 - DEBUG - indexingtomongo - ('insertRawSkillsToClusters >>>', 10000)
2018-09-10 14:26:06,698 - DEBUG - indexingtomongo - ('insertRawSkillsToClusters >>>', 10100)
2018-09-10 14:26:06,936 - DEBUG - indexingtomongo - ('insertRawSkillsToClusters >>>', 10200)
2018-09-10 14:26:07,379 - DEBUG - indexingtomongo - ('insertRawSkillsToClusters >>>', 10300)
2018-09-10 14:26:07,569 - DEBUG - indexingtomongo - ('insertRawSkillsToClusters >>>', 10400)
2018-09-10 14:26:07,778 - DEBUG - indexingtomongo - ('insertRawSkillsToClusters >>>', 10500)
2018-09-10 14:26:07,971 - DEBUG - indexingtomongo - ('insertRawSkillsToClusters >>>', 10600)
2018-09-10 14:26:08,215 - DEBUG - indexingtomongo - ('insertRawSkillsToClusters >>>', 10700)
2018-09-10 14:26:08,488 - DEBUG - indexingtomongo - ('insertRawSkillsToClusters >>>', 10800)
2018-09-10 14:26:08,749 - DEBUG - indexingtomongo - ('insertRawSkillsToClusters >>>', 10900)
2018-09-10 14:26:09,002 - DEBUG - indexingtomongo - ('insertRawSkillsToClusters >>>', 11000)
2018-09-10 14:26:09,267 - DEBUG - indexingtomongo - ('insertRawSkillsToClusters >>>', 11100)
2018-09-10 14:26:09,500 - DEBUG - indexingtomongo - ('insertRawSkillsToClusters >>>', 11200)
2018-09-10 14:26:09,772 - DEBUG - indexingtomongo - ('insertRawSkillsToClusters >>>', 11300)
2018-09-10 14:26:10,026 - DEBUG - indexingtomongo - ('insertRawSkillsToClusters >>>', 11400)
2018-09-10 14:26:10,258 - DEBUG - indexingtomongo - ('insertRawSkillsToClusters >>>', 11500)
2018-09-10 14:26:10,472 - DEBUG - indexingtomongo - ('insertRawSkillsToClusters >>>', 11600)
2018-09-10 14:26:10,626 - DEBUG - indexingtomongo - ('insertRawSkillsToClusters >>>', 11700)
2018-09-10 14:26:10,826 - DEBUG - indexingtomongo - ('insertRawSkillsToClusters >>>', 11800)
2018-09-10 14:26:11,046 - DEBUG - indexingtomongo - ('insertRawSkillsToClusters >>>', 11900)
2018-09-10 14:26:11,266 - DEBUG - indexingtomongo - ('insertRawSkillsToClusters >>>', 12000)
2018-09-10 14:26:11,468 - DEBUG - indexingtomongo - ('insertRawSkillsToClusters >>>', 12100)
2018-09-10 14:26:11,676 - DEBUG - indexingtomongo - ('insertRawSkillsToClusters >>>', 12200)
2018-09-10 14:26:11,900 - DEBUG - indexingtomongo - ('insertRawSkillsToClusters >>>', 12300)
2018-09-10 14:26:12,130 - DEBUG - indexingtomongo - ('insertRawSkillsToClusters >>>', 12400)
2018-09-10 14:26:12,386 - DEBUG - indexingtomongo - ('insertRawSkillsToClusters >>>', 12500)
2018-09-10 14:26:12,580 - DEBUG - indexingtomongo - ('insertRawSkillsToClusters >>>', 12600)
2018-09-10 14:26:12,773 - DEBUG - indexingtomongo - ('insertRawSkillsToClusters >>>', 12700)
2018-09-10 14:26:12,951 - DEBUG - indexingtomongo - ('insertRawSkillsToClusters >>>', 12800)
2018-09-10 14:26:13,135 - DEBUG - indexingtomongo - ('insertRawSkillsToClusters >>>', 12900)
2018-09-10 14:26:13,341 - DEBUG - indexingtomongo - ('insertRawSkillsToClusters >>>', 13000)
2018-09-10 14:26:13,566 - DEBUG - indexingtomongo - ('insertRawSkillsToClusters >>>', 13100)
2018-09-10 14:26:13,767 - DEBUG - indexingtomongo - ('insertRawSkillsToClusters >>>', 13200)
2018-09-10 14:26:13,952 - DEBUG - indexingtomongo - ('insertRawSkillsToClusters >>>', 13300)
2018-09-10 14:26:14,122 - DEBUG - indexingtomongo - ('insertRawSkillsToClusters >>>', 13400)
2018-09-10 14:26:14,279 - DEBUG - indexingtomongo - ('insertRawSkillsToClusters >>>', 13500)
2018-09-10 14:26:14,430 - DEBUG - indexingtomongo - ('insertRawSkillsToClusters >>>', 13600)
2018-09-10 14:26:14,621 - DEBUG - indexingtomongo - ('insertRawSkillsToClusters >>>', 13700)
2018-09-10 14:26:14,860 - DEBUG - indexingtomongo - ('insertRawSkillsToClusters >>>', 13800)
2018-09-10 14:26:15,056 - DEBUG - indexingtomongo - ('insertRawSkillsToClusters >>>', 13900)
2018-09-10 14:26:15,238 - DEBUG - indexingtomongo - ('insertRawSkillsToClusters >>>', 14000)
2018-09-10 14:26:15,410 - DEBUG - indexingtomongo - ('insertRawSkillsToClusters >>>', 14100)
2018-09-10 14:26:15,589 - DEBUG - indexingtomongo - ('insertRawSkillsToClusters >>>', 14200)
2018-09-10 14:26:15,716 - DEBUG - indexingtomongo - ('insertRawSkillsToClusters >>>', 14300)
2018-09-10 14:26:15,873 - DEBUG - indexingtomongo - ('insertRawSkillsToClusters >>>', 14400)
2018-09-10 14:26:16,054 - DEBUG - indexingtomongo - ('insertRawSkillsToClusters >>>', 14500)
2018-09-10 14:26:16,244 - DEBUG - indexingtomongo - ('insertRawSkillsToClusters >>>', 14600)
2018-09-10 14:26:16,429 - DEBUG - indexingtomongo - ('insertRawSkillsToClusters >>>', 14700)
2018-09-10 14:26:16,627 - DEBUG - indexingtomongo - ('insertRawSkillsToClusters >>>', 14800)
2018-09-10 14:26:16,848 - DEBUG - indexingtomongo - ('insertRawSkillsToClusters >>>', 14900)
2018-09-10 14:26:17,152 - DEBUG - indexingtomongo - ('insertRawSkillsToClusters >>>', 15000)
2018-09-10 14:26:17,374 - DEBUG - indexingtomongo - ('insertRawSkillsToClusters >>>', 15100)
2018-09-10 14:26:17,581 - DEBUG - indexingtomongo - ('insertRawSkillsToClusters >>>', 15200)
2018-09-10 14:26:17,814 - DEBUG - indexingtomongo - ('insertRawSkillsToClusters >>>', 15300)
2018-09-10 14:26:18,056 - DEBUG - indexingtomongo - ('insertRawSkillsToClusters >>>', 15400)
2018-09-10 14:26:18,295 - DEBUG - indexingtomongo - ('insertRawSkillsToClusters >>>', 15500)
2018-09-10 14:26:18,514 - DEBUG - indexingtomongo - ('insertRawSkillsToClusters >>>', 15600)
2018-09-10 14:26:18,817 - DEBUG - indexingtomongo - ('insertRawSkillsToClusters >>>', 15700)
2018-09-10 14:26:19,082 - DEBUG - indexingtomongo - ('insertRawSkillsToClusters >>>', 15800)
2018-09-10 14:26:19,343 - DEBUG - indexingtomongo - ('insertRawSkillsToClusters >>>', 15900)
2018-09-10 14:26:19,586 - DEBUG - indexingtomongo - ('insertRawSkillsToClusters >>>', 16000)
2018-09-10 14:26:19,840 - DEBUG - indexingtomongo - ('insertRawSkillsToClusters >>>', 16100)
2018-09-10 14:26:20,093 - DEBUG - indexingtomongo - ('insertRawSkillsToClusters >>>', 16200)
2018-09-10 14:26:20,311 - DEBUG - indexingtomongo - ('insertRawSkillsToClusters >>>', 16300)
2018-09-10 14:26:20,586 - DEBUG - indexingtomongo - ('insertRawSkillsToClusters >>>', 16400)
2018-09-10 14:26:20,875 - DEBUG - indexingtomongo - ('insertRawSkillsToClusters >>>', 16500)
2018-09-10 14:26:21,099 - DEBUG - indexingtomongo - ('insertRawSkillsToClusters >>>', 16600)
2018-09-10 14:26:21,348 - DEBUG - indexingtomongo - ('insertRawSkillsToClusters >>>', 16700)
2018-09-10 14:26:21,588 - DEBUG - indexingtomongo - ('insertRawSkillsToClusters >>>', 16800)
2018-09-10 14:26:21,807 - DEBUG - indexingtomongo - ('insertRawSkillsToClusters >>>', 16900)
2018-09-10 14:26:22,013 - DEBUG - indexingtomongo - ('insertRawSkillsToClusters >>>', 17000)
2018-09-10 14:26:22,253 - DEBUG - indexingtomongo - ('insertRawSkillsToClusters >>>', 17100)
2018-09-10 14:26:22,534 - DEBUG - indexingtomongo - ('insertRawSkillsToClusters >>>', 17200)
2018-09-10 14:26:22,793 - DEBUG - indexingtomongo - ('insertRawSkillsToClusters >>>', 17300)
2018-09-10 14:26:23,027 - DEBUG - indexingtomongo - ('insertRawSkillsToClusters >>>', 17400)
2018-09-10 14:26:23,294 - DEBUG - indexingtomongo - ('insertRawSkillsToClusters >>>', 17500)
2018-09-10 14:26:23,559 - DEBUG - indexingtomongo - ('insertRawSkillsToClusters >>>', 17600)
2018-09-10 14:26:23,808 - DEBUG - indexingtomongo - ('insertRawSkillsToClusters >>>', 17700)
2018-09-10 14:26:24,050 - DEBUG - indexingtomongo - ('insertRawSkillsToClusters >>>', 17800)
2018-09-10 14:26:24,308 - DEBUG - indexingtomongo - ('insertRawSkillsToClusters >>>', 17900)
2018-09-10 14:26:24,543 - DEBUG - indexingtomongo - ('insertRawSkillsToClusters >>>', 18000)
2018-09-10 14:26:24,735 - DEBUG - indexingtomongo - ('insertRawSkillsToClusters >>>', 18100)
2018-09-10 14:26:24,911 - DEBUG - indexingtomongo - ('insertRawSkillsToClusters >>>', 18200)
2018-09-10 14:26:25,132 - DEBUG - indexingtomongo - ('insertRawSkillsToClusters >>>', 18300)
2018-09-10 14:26:25,412 - DEBUG - indexingtomongo - ('insertRawSkillsToClusters >>>', 18400)
2018-09-10 14:26:25,671 - DEBUG - indexingtomongo - ('insertRawSkillsToClusters >>>', 18500)
2018-09-10 14:26:25,901 - DEBUG - indexingtomongo - ('insertRawSkillsToClusters >>>', 18600)
2018-09-10 14:26:26,172 - DEBUG - indexingtomongo - ('insertRawSkillsToClusters >>>', 18700)
2018-09-10 14:26:26,397 - DEBUG - indexingtomongo - ('insertRawSkillsToClusters >>>', 18800)
2018-09-10 14:26:26,653 - DEBUG - indexingtomongo - ('insertRawSkillsToClusters >>>', 18900)
2018-09-10 14:26:26,914 - DEBUG - indexingtomongo - ('insertRawSkillsToClusters >>>', 19000)
2018-09-10 14:26:27,173 - DEBUG - indexingtomongo - ('insertRawSkillsToClusters >>>', 19100)
2018-09-10 14:26:27,344 - DEBUG - indexingtomongo - ('insertRawSkillsToClusters >>>', 19200)
2018-09-10 14:26:27,480 - DEBUG - indexingtomongo - ('insertRawSkillsToClusters >>>', 19300)
2018-09-10 14:26:27,611 - DEBUG - indexingtomongo - ('insertRawSkillsToClusters >>>', 19400)
2018-09-10 14:26:27,767 - DEBUG - indexingtomongo - ('insertRawSkillsToClusters >>>', 19500)
2018-09-10 14:26:27,974 - DEBUG - indexingtomongo - ('insertRawSkillsToClusters >>>', 19600)
2018-09-10 14:26:28,191 - DEBUG - indexingtomongo - ('insertRawSkillsToClusters >>>', 19700)
2018-09-10 14:26:28,433 - DEBUG - indexingtomongo - ('insertRawSkillsToClusters >>>', 19800)
2018-09-10 14:26:28,673 - DEBUG - indexingtomongo - ('insertRawSkillsToClusters >>>', 19900)
2018-09-10 14:26:28,938 - DEBUG - indexingtomongo - ('insertRawSkillsToClusters >>>', 20000)
2018-09-10 14:26:29,170 - DEBUG - indexingtomongo - ('insertRawSkillsToClusters >>>', 20100)
2018-09-10 14:26:29,425 - DEBUG - indexingtomongo - ('insertRawSkillsToClusters >>>', 20200)
2018-09-10 14:26:29,661 - DEBUG - indexingtomongo - ('insertRawSkillsToClusters >>>', 20300)
2018-09-10 14:26:29,924 - DEBUG - indexingtomongo - ('insertRawSkillsToClusters >>>', 20400)
2018-09-10 14:26:30,191 - DEBUG - indexingtomongo - ('insertRawSkillsToClusters >>>', 20500)
2018-09-10 14:26:30,425 - DEBUG - indexingtomongo - ('insertRawSkillsToClusters >>>', 20600)
2018-09-10 14:26:30,661 - DEBUG - indexingtomongo - ('insertRawSkillsToClusters >>>', 20700)
2018-09-10 14:26:30,923 - DEBUG - indexingtomongo - ('insertRawSkillsToClusters >>>', 20800)
2018-09-10 14:26:31,118 - DEBUG - indexingtomongo - ('insertRawSkillsToClusters >>>', 20900)
2018-09-10 14:26:31,372 - DEBUG - indexingtomongo - ('insertRawSkillsToClusters >>>', 21000)
2018-09-10 14:26:31,576 - DEBUG - indexingtomongo - ('insertRawSkillsToClusters >>>', 21100)
2018-09-10 14:26:31,775 - DEBUG - indexingtomongo - ('insertRawSkillsToClusters >>>', 21200)
2018-09-10 14:26:31,960 - DEBUG - indexingtomongo - ('insertRawSkillsToClusters >>>', 21300)
2018-09-10 14:26:32,193 - DEBUG - indexingtomongo - ('insertRawSkillsToClusters >>>', 21400)
2018-09-10 14:26:32,436 - DEBUG - indexingtomongo - ('insertRawSkillsToClusters >>>', 21500)
2018-09-10 14:26:32,688 - DEBUG - indexingtomongo - ('insertRawSkillsToClusters >>>', 21600)
2018-09-10 14:26:32,943 - DEBUG - indexingtomongo - ('insertRawSkillsToClusters >>>', 21700)
2018-09-10 14:26:33,126 - DEBUG - indexingtomongo - ('insertRawSkillsToClusters >>>', 21800)
2018-09-10 14:26:33,273 - DEBUG - indexingtomongo - ('insertRawSkillsToClusters >>>', 21900)
2018-09-10 14:26:33,442 - DEBUG - indexingtomongo - ('insertRawSkillsToClusters >>>', 22000)
2018-09-10 14:26:33,647 - DEBUG - indexingtomongo - ('insertRawSkillsToClusters >>>', 22100)
2018-09-10 14:26:33,862 - DEBUG - indexingtomongo - ('insertRawSkillsToClusters >>>', 22200)
2018-09-10 14:26:34,055 - DEBUG - indexingtomongo - ('insertRawSkillsToClusters >>>', 22300)
2018-09-10 14:26:34,260 - DEBUG - indexingtomongo - ('insertRawSkillsToClusters >>>', 22400)
2018-09-10 14:26:34,464 - DEBUG - indexingtomongo - ('insertRawSkillsToClusters >>>', 22500)
2018-09-10 14:26:34,667 - DEBUG - indexingtomongo - ('insertRawSkillsToClusters >>>', 22600)
2018-09-10 14:26:34,900 - DEBUG - indexingtomongo - ('insertRawSkillsToClusters >>>', 22700)
2018-09-10 14:26:35,108 - DEBUG - indexingtomongo - ('insertRawSkillsToClusters >>>', 22800)
2018-09-10 14:26:35,291 - DEBUG - indexingtomongo - ('insertRawSkillsToClusters >>>', 22900)
2018-09-10 14:26:35,514 - DEBUG - indexingtomongo - ('insertRawSkillsToClusters >>>', 23000)
2018-09-10 14:26:35,699 - DEBUG - indexingtomongo - ('insertRawSkillsToClusters >>>', 23100)
2018-09-10 14:26:35,908 - DEBUG - indexingtomongo - ('insertRawSkillsToClusters >>>', 23200)
2018-09-10 14:26:36,119 - DEBUG - indexingtomongo - ('insertRawSkillsToClusters >>>', 23300)
2018-09-10 14:26:36,355 - DEBUG - indexingtomongo - ('insertRawSkillsToClusters >>>', 23400)
2018-09-10 14:26:36,579 - DEBUG - indexingtomongo - ('insertRawSkillsToClusters >>>', 23500)
2018-09-10 14:26:36,763 - DEBUG - indexingtomongo - ('insertRawSkillsToClusters >>>', 23600)
2018-09-10 14:26:36,996 - DEBUG - indexingtomongo - ('insertRawSkillsToClusters >>>', 23700)
2018-09-10 14:26:37,203 - DEBUG - indexingtomongo - ('insertRawSkillsToClusters >>>', 23800)
2018-09-10 14:26:37,417 - DEBUG - indexingtomongo - ('insertRawSkillsToClusters >>>', 23900)
2018-09-10 14:26:37,665 - DEBUG - indexingtomongo - ('insertRawSkillsToClusters >>>', 24000)
2018-09-10 14:26:37,867 - DEBUG - indexingtomongo - ('insertRawSkillsToClusters >>>', 24100)
2018-09-10 14:26:38,063 - DEBUG - indexingtomongo - ('insertRawSkillsToClusters >>>', 24200)
2018-09-10 14:26:38,304 - DEBUG - indexingtomongo - ('insertRawSkillsToClusters >>>', 24300)
2018-09-10 14:26:38,533 - DEBUG - indexingtomongo - ('insertRawSkillsToClusters >>>', 24400)
2018-09-10 14:26:38,755 - DEBUG - indexingtomongo - ('insertRawSkillsToClusters >>>', 24500)
2018-09-10 14:26:38,978 - DEBUG - indexingtomongo - ('insertRawSkillsToClusters >>>', 24600)
2018-09-10 14:26:39,175 - DEBUG - indexingtomongo - ('insertRawSkillsToClusters >>>', 24700)
2018-09-10 14:26:39,329 - DEBUG - indexingtomongo - ('insertRawSkillsToClusters >>>', 24800)
2018-09-10 14:26:39,517 - DEBUG - indexingtomongo - ('insertRawSkillsToClusters >>>', 24900)
2018-09-10 14:26:39,741 - DEBUG - indexingtomongo - ('insertRawSkillsToClusters >>>', 25000)
2018-09-10 14:26:39,934 - DEBUG - indexingtomongo - ('insertRawSkillsToClusters >>>', 25100)
2018-09-10 14:26:40,158 - DEBUG - indexingtomongo - ('insertRawSkillsToClusters >>>', 25200)
2018-09-10 14:26:40,350 - DEBUG - indexingtomongo - ('insertRawSkillsToClusters >>>', 25300)
2018-09-10 14:26:40,623 - DEBUG - indexingtomongo - ('insertRawSkillsToClusters >>>', 25400)
2018-09-10 14:26:40,825 - DEBUG - indexingtomongo - ('insertRawSkillsToClusters >>>', 25500)
2018-09-10 14:26:41,033 - DEBUG - indexingtomongo - ('insertRawSkillsToClusters >>>', 25600)
2018-09-10 14:26:41,226 - DEBUG - indexingtomongo - ('insertRawSkillsToClusters >>>', 25700)
2018-09-10 14:26:41,449 - DEBUG - indexingtomongo - ('insertRawSkillsToClusters >>>', 25800)
2018-09-10 14:26:41,654 - DEBUG - indexingtomongo - ('insertRawSkillsToClusters >>>', 25900)
2018-09-10 14:26:41,894 - DEBUG - indexingtomongo - ('insertRawSkillsToClusters >>>', 26000)
2018-09-10 14:26:42,096 - DEBUG - indexingtomongo - ('insertRawSkillsToClusters >>>', 26100)
2018-09-10 14:26:42,664 - DEBUG - indexingtomongo - ('insertRawSkillsToClusters >>>', 26200)
2018-09-10 14:26:42,933 - DEBUG - indexingtomongo - ('insertRawSkillsToClusters >>>', 26300)
2018-09-10 14:26:43,196 - DEBUG - indexingtomongo - ('insertRawSkillsToClusters >>>', 26400)
2018-09-10 14:26:43,445 - DEBUG - indexingtomongo - ('insertRawSkillsToClusters >>>', 26500)
2018-09-10 14:26:43,741 - DEBUG - indexingtomongo - ('insertRawSkillsToClusters >>>', 26600)
2018-09-10 14:26:43,958 - DEBUG - indexingtomongo - ('insertRawSkillsToClusters >>>', 26700)
2018-09-10 14:26:44,227 - DEBUG - indexingtomongo - ('insertRawSkillsToClusters >>>', 26800)
2018-09-10 14:26:44,484 - DEBUG - indexingtomongo - ('insertRawSkillsToClusters >>>', 26900)
2018-09-10 14:26:44,684 - DEBUG - indexingtomongo - ('insertRawSkillsToClusters >>>', 27000)
2018-09-10 14:26:44,918 - DEBUG - indexingtomongo - ('insertRawSkillsToClusters >>>', 27100)
2018-09-10 14:26:45,162 - DEBUG - indexingtomongo - ('insertRawSkillsToClusters >>>', 27200)
2018-09-10 14:26:45,510 - DEBUG - indexingtomongo - ('insertRawSkillsToClusters >>>', 27300)
2018-09-10 14:26:45,783 - DEBUG - indexingtomongo - ('insertRawSkillsToClusters >>>', 27400)
2018-09-10 14:26:46,042 - DEBUG - indexingtomongo - ('insertRawSkillsToClusters >>>', 27500)
2018-09-10 14:26:46,284 - DEBUG - indexingtomongo - ('insertRawSkillsToClusters >>>', 27600)
2018-09-10 14:26:46,518 - DEBUG - indexingtomongo - ('insertRawSkillsToClusters >>>', 27700)
2018-09-10 14:26:46,747 - DEBUG - indexingtomongo - ('insertRawSkillsToClusters >>>', 27800)
2018-09-10 14:26:47,053 - DEBUG - indexingtomongo - ('insertRawSkillsToClusters >>>', 27900)
2018-09-10 14:26:47,328 - DEBUG - indexingtomongo - ('insertRawSkillsToClusters >>>', 28000)
2018-09-10 14:26:47,616 - DEBUG - indexingtomongo - ('insertRawSkillsToClusters >>>', 28100)
2018-09-10 14:26:47,867 - DEBUG - indexingtomongo - ('insertRawSkillsToClusters >>>', 28200)
2018-09-10 14:26:48,074 - DEBUG - indexingtomongo - ('insertRawSkillsToClusters >>>', 28300)
2018-09-10 14:26:48,348 - DEBUG - indexingtomongo - ('insertRawSkillsToClusters >>>', 28400)
2018-09-10 14:26:48,583 - DEBUG - indexingtomongo - ('insertRawSkillsToClusters >>>', 28500)
2018-09-10 14:26:48,807 - DEBUG - indexingtomongo - ('insertRawSkillsToClusters >>>', 28600)
2018-09-10 14:26:49,020 - DEBUG - indexingtomongo - ('insertRawSkillsToClusters >>>', 28700)
2018-09-10 14:26:49,263 - DEBUG - indexingtomongo - ('insertRawSkillsToClusters >>>', 28800)
2018-09-10 14:26:49,515 - DEBUG - indexingtomongo - ('insertRawSkillsToClusters >>>', 28900)
2018-09-10 14:26:49,759 - DEBUG - indexingtomongo - ('insertRawSkillsToClusters >>>', 29000)
2018-09-10 14:26:49,976 - DEBUG - indexingtomongo - ('insertRawSkillsToClusters >>>', 29100)
2018-09-10 14:26:50,224 - DEBUG - indexingtomongo - ('insertRawSkillsToClusters >>>', 29200)
2018-09-10 14:26:50,506 - DEBUG - indexingtomongo - ('insertRawSkillsToClusters >>>', 29300)
2018-09-10 14:26:50,769 - DEBUG - indexingtomongo - ('insertRawSkillsToClusters >>>', 29400)
2018-09-10 14:26:50,966 - DEBUG - indexingtomongo - ('insertRawSkillsToClusters >>>', 29500)
2018-09-10 14:26:51,140 - DEBUG - indexingtomongo - ('insertRawSkillsToClusters >>>', 29600)
2018-09-10 14:26:51,317 - DEBUG - indexingtomongo - ('insertRawSkillsToClusters >>>', 29700)
2018-09-10 14:26:51,456 - DEBUG - indexingtomongo - ('insertRawSkillsToClusters >>>', 29800)
2018-09-10 14:26:51,608 - DEBUG - indexingtomongo - ('insertRawSkillsToClusters >>>', 29900)
2018-09-10 14:26:51,803 - DEBUG - indexingtomongo - ('insertRawSkillsToClusters >>>', 30000)
2018-09-10 14:26:51,971 - DEBUG - indexingtomongo - ('insertRawSkillsToClusters >>>', 30100)
2018-09-10 14:26:52,185 - DEBUG - indexingtomongo - ('insertRawSkillsToClusters >>>', 30200)
2018-09-10 14:26:52,434 - DEBUG - indexingtomongo - ('insertRawSkillsToClusters >>>', 30300)
2018-09-10 14:26:52,655 - DEBUG - indexingtomongo - ('insertRawSkillsToClusters >>>', 30400)
2018-09-10 14:26:52,854 - DEBUG - indexingtomongo - ('insertRawSkillsToClusters >>>', 30500)
2018-09-10 14:26:53,066 - DEBUG - indexingtomongo - ('insertRawSkillsToClusters >>>', 30600)
2018-09-10 14:26:53,282 - DEBUG - indexingtomongo - ('insertRawSkillsToClusters >>>', 30700)
2018-09-10 14:26:53,501 - DEBUG - indexingtomongo - ('insertRawSkillsToClusters >>>', 30800)
2018-09-10 14:26:53,666 - DEBUG - indexingtomongo - ('insertRawSkillsToClusters >>>', 30900)
2018-09-10 14:26:53,837 - DEBUG - indexingtomongo - ('insertRawSkillsToClusters >>>', 31000)
2018-09-10 14:26:54,038 - DEBUG - indexingtomongo - ('insertRawSkillsToClusters >>>', 31100)
2018-09-10 14:26:54,233 - DEBUG - indexingtomongo - ('insertRawSkillsToClusters >>>', 31200)
2018-09-10 14:26:54,428 - DEBUG - indexingtomongo - ('insertRawSkillsToClusters >>>', 31300)
2018-09-10 14:26:54,646 - DEBUG - indexingtomongo - ('insertRawSkillsToClusters >>>', 31400)
2018-09-10 14:26:54,834 - DEBUG - indexingtomongo - ('insertRawSkillsToClusters >>>', 31500)
2018-09-10 14:26:55,070 - DEBUG - indexingtomongo - ('insertRawSkillsToClusters >>>', 31600)
2018-09-10 14:26:55,310 - DEBUG - indexingtomongo - ('insertRawSkillsToClusters >>>', 31700)
2018-09-10 14:26:55,553 - DEBUG - indexingtomongo - ('insertRawSkillsToClusters >>>', 31800)
2018-09-10 14:26:55,814 - DEBUG - indexingtomongo - ('insertRawSkillsToClusters >>>', 31900)
2018-09-10 14:26:56,055 - DEBUG - indexingtomongo - ('insertRawSkillsToClusters >>>', 32000)
2018-09-10 14:26:56,287 - DEBUG - indexingtomongo - ('insertRawSkillsToClusters >>>', 32100)
2018-09-10 14:26:56,528 - DEBUG - indexingtomongo - ('insertRawSkillsToClusters >>>', 32200)
2018-09-10 14:26:56,716 - DEBUG - indexingtomongo - ('insertRawSkillsToClusters >>>', 32300)
2018-09-10 14:26:56,950 - DEBUG - indexingtomongo - ('insertRawSkillsToClusters >>>', 32400)
2018-09-10 14:26:57,133 - DEBUG - indexingtomongo - ('insertRawSkillsToClusters >>>', 32500)
2018-09-10 14:26:57,370 - DEBUG - indexingtomongo - ('insertRawSkillsToClusters >>>', 32600)
2018-09-10 14:26:57,627 - DEBUG - indexingtomongo - ('insertRawSkillsToClusters >>>', 32700)
2018-09-10 14:26:57,836 - DEBUG - indexingtomongo - ('insertRawSkillsToClusters >>>', 32800)
2018-09-10 14:26:58,066 - DEBUG - indexingtomongo - ('insertRawSkillsToClusters >>>', 32900)
2018-09-10 14:26:58,324 - DEBUG - indexingtomongo - ('insertRawSkillsToClusters >>>', 33000)
2018-09-10 14:26:58,564 - DEBUG - indexingtomongo - ('insertRawSkillsToClusters >>>', 33100)
2018-09-10 14:26:58,805 - DEBUG - indexingtomongo - ('insertRawSkillsToClusters >>>', 33200)
2018-09-10 14:26:59,096 - DEBUG - indexingtomongo - ('insertRawSkillsToClusters >>>', 33300)
2018-09-10 14:26:59,333 - DEBUG - indexingtomongo - ('insertRawSkillsToClusters >>>', 33400)
2018-09-10 14:26:59,592 - DEBUG - indexingtomongo - ('insertRawSkillsToClusters >>>', 33500)
2018-09-10 14:26:59,872 - DEBUG - indexingtomongo - ('insertRawSkillsToClusters >>>', 33600)
2018-09-10 14:27:00,067 - DEBUG - indexingtomongo - ('insertRawSkillsToClusters >>>', 33700)
2018-09-10 14:27:00,244 - DEBUG - indexingtomongo - ('insertRawSkillsToClusters >>>', 33800)
2018-09-10 14:27:00,432 - DEBUG - indexingtomongo - ('insertRawSkillsToClusters >>>', 33900)
2018-09-10 14:27:00,646 - DEBUG - indexingtomongo - ('insertRawSkillsToClusters >>>', 34000)
2018-09-10 14:27:00,860 - DEBUG - indexingtomongo - ('insertRawSkillsToClusters >>>', 34100)
2018-09-10 14:27:01,073 - DEBUG - indexingtomongo - ('insertRawSkillsToClusters >>>', 34200)
2018-09-10 14:27:01,306 - DEBUG - indexingtomongo - ('insertRawSkillsToClusters >>>', 34300)
2018-09-10 14:27:01,557 - DEBUG - indexingtomongo - ('insertRawSkillsToClusters >>>', 34400)
2018-09-10 14:27:01,749 - DEBUG - indexingtomongo - ('insertRawSkillsToClusters >>>', 34500)
2018-09-10 14:27:01,929 - DEBUG - indexingtomongo - ('insertRawSkillsToClusters >>>', 34600)
2018-09-10 14:27:02,130 - DEBUG - indexingtomongo - ('insertRawSkillsToClusters >>>', 34700)
2018-09-10 14:27:02,363 - DEBUG - indexingtomongo - ('insertRawSkillsToClusters >>>', 34800)
2018-09-10 14:27:02,659 - DEBUG - indexingtomongo - ('insertRawSkillsToClusters >>>', 34900)
2018-09-10 14:27:02,865 - DEBUG - indexingtomongo - ('insertRawSkillsToClusters >>>', 35000)
2018-09-10 14:27:03,007 - DEBUG - indexingtomongo - ('insertRawSkillsToClusters >>>', 35100)
2018-09-10 14:27:03,159 - DEBUG - indexingtomongo - ('insertRawSkillsToClusters >>>', 35200)
2018-09-10 14:27:03,316 - DEBUG - indexingtomongo - ('insertRawSkillsToClusters >>>', 35300)
2018-09-10 14:27:03,493 - DEBUG - indexingtomongo - ('insertRawSkillsToClusters >>>', 35400)
2018-09-10 14:27:03,679 - DEBUG - indexingtomongo - ('insertRawSkillsToClusters >>>', 35500)
2018-09-10 14:27:03,941 - DEBUG - indexingtomongo - ('insertRawSkillsToClusters >>>', 35600)
2018-09-10 14:27:04,133 - DEBUG - indexingtomongo - ('insertRawSkillsToClusters >>>', 35700)
2018-09-10 14:27:04,363 - DEBUG - indexingtomongo - ('insertRawSkillsToClusters >>>', 35800)
2018-09-10 14:27:04,584 - DEBUG - indexingtomongo - ('insertRawSkillsToClusters >>>', 35900)
2018-09-10 14:27:04,779 - DEBUG - indexingtomongo - ('insertRawSkillsToClusters >>>', 36000)
2018-09-10 14:27:04,977 - DEBUG - indexingtomongo - ('insertRawSkillsToClusters >>>', 36100)
2018-09-10 14:27:05,218 - DEBUG - indexingtomongo - ('insertRawSkillsToClusters >>>', 36200)
2018-09-10 14:27:05,460 - DEBUG - indexingtomongo - ('insertRawSkillsToClusters >>>', 36300)
2018-09-10 14:27:05,706 - DEBUG - indexingtomongo - ('insertRawSkillsToClusters >>>', 36400)
2018-09-10 14:27:05,930 - DEBUG - indexingtomongo - ('insertRawSkillsToClusters >>>', 36500)
2018-09-10 14:27:06,096 - DEBUG - indexingtomongo - ('insertRawSkillsToClusters >>>', 36600)
2018-09-10 14:27:06,229 - DEBUG - indexingtomongo - ('insertRawSkillsToClusters >>>', 36700)
2018-09-10 14:27:06,432 - DEBUG - indexingtomongo - ('insertRawSkillsToClusters >>>', 36800)
2018-09-10 14:27:06,662 - DEBUG - indexingtomongo - ('insertRawSkillsToClusters >>>', 36900)
2018-09-10 14:27:06,907 - DEBUG - indexingtomongo - ('insertRawSkillsToClusters >>>', 37000)
2018-09-10 14:27:07,131 - DEBUG - indexingtomongo - ('insertRawSkillsToClusters >>>', 37100)
2018-09-10 14:27:07,379 - DEBUG - indexingtomongo - ('insertRawSkillsToClusters >>>', 37200)
2018-09-10 14:27:07,661 - DEBUG - indexingtomongo - ('insertRawSkillsToClusters >>>', 37300)
2018-09-10 14:27:07,881 - DEBUG - indexingtomongo - ('insertRawSkillsToClusters >>>', 37400)
2018-09-10 14:27:08,069 - DEBUG - indexingtomongo - ('insertRawSkillsToClusters >>>', 37500)
2018-09-10 14:27:08,274 - DEBUG - indexingtomongo - ('insertRawSkillsToClusters >>>', 37600)
2018-09-10 14:27:08,533 - DEBUG - indexingtomongo - ('insertRawSkillsToClusters >>>', 37700)
2018-09-10 14:27:08,789 - DEBUG - indexingtomongo - ('insertRawSkillsToClusters >>>', 37800)
2018-09-10 14:27:09,040 - DEBUG - indexingtomongo - ('insertRawSkillsToClusters >>>', 37900)
2018-09-10 14:27:09,297 - DEBUG - indexingtomongo - ('insertRawSkillsToClusters >>>', 38000)
2018-09-10 14:27:09,502 - DEBUG - indexingtomongo - ('insertRawSkillsToClusters >>>', 38100)
2018-09-10 14:27:09,726 - DEBUG - indexingtomongo - ('insertRawSkillsToClusters >>>', 38200)
2018-09-10 14:27:09,932 - DEBUG - indexingtomongo - ('insertRawSkillsToClusters >>>', 38300)
2018-09-10 14:27:10,168 - DEBUG - indexingtomongo - ('insertRawSkillsToClusters >>>', 38400)
2018-09-10 14:27:10,384 - DEBUG - indexingtomongo - ('insertRawSkillsToClusters >>>', 38500)
2018-09-10 14:27:10,611 - DEBUG - indexingtomongo - ('insertRawSkillsToClusters >>>', 38600)
2018-09-10 14:27:10,796 - DEBUG - indexingtomongo - ('insertRawSkillsToClusters >>>', 38700)
2018-09-10 14:27:11,044 - DEBUG - indexingtomongo - ('insertRawSkillsToClusters >>>', 38800)
2018-09-10 14:27:11,281 - DEBUG - indexingtomongo - ('insertRawSkillsToClusters >>>', 38900)
2018-09-10 14:27:11,522 - DEBUG - indexingtomongo - ('insertRawSkillsToClusters >>>', 39000)
2018-09-10 14:27:11,769 - DEBUG - indexingtomongo - ('insertRawSkillsToClusters >>>', 39100)
2018-09-10 14:27:11,987 - DEBUG - indexingtomongo - ('insertRawSkillsToClusters >>>', 39200)
2018-09-10 14:27:12,203 - DEBUG - indexingtomongo - ('insertRawSkillsToClusters >>>', 39300)
2018-09-10 14:27:12,463 - DEBUG - indexingtomongo - ('insertRawSkillsToClusters >>>', 39400)
2018-09-10 14:27:12,710 - DEBUG - indexingtomongo - ('insertRawSkillsToClusters >>>', 39500)
2018-09-10 14:27:12,968 - DEBUG - indexingtomongo - ('insertRawSkillsToClusters >>>', 39600)
2018-09-10 14:27:13,226 - DEBUG - indexingtomongo - ('insertRawSkillsToClusters >>>', 39700)
2018-09-10 14:27:13,515 - DEBUG - indexingtomongo - ('insertRawSkillsToClusters >>>', 39800)
2018-09-10 14:27:13,788 - DEBUG - indexingtomongo - ('insertRawSkillsToClusters >>>', 39900)
2018-09-10 14:27:14,025 - DEBUG - indexingtomongo - ('insertRawSkillsToClusters >>>', 40000)
2018-09-10 14:27:14,284 - DEBUG - indexingtomongo - ('insertRawSkillsToClusters >>>', 40100)
2018-09-10 14:27:14,612 - DEBUG - indexingtomongo - ('insertRawSkillsToClusters >>>', 40200)
2018-09-10 14:27:14,896 - DEBUG - indexingtomongo - ('insertRawSkillsToClusters >>>', 40300)
2018-09-10 14:27:15,100 - DEBUG - indexingtomongo - ('insertRawSkillsToClusters >>>', 40400)
2018-09-10 14:27:15,255 - DEBUG - indexingtomongo - ('insertRawSkillsToClusters >>>', 40500)
2018-09-10 14:27:15,459 - DEBUG - indexingtomongo - ('insertRawSkillsToClusters >>>', 40600)
2018-09-10 14:27:15,690 - DEBUG - indexingtomongo - ('insertRawSkillsToClusters >>>', 40700)
2018-09-10 14:27:15,905 - DEBUG - indexingtomongo - ('insertRawSkillsToClusters >>>', 40800)
2018-09-10 14:27:16,150 - DEBUG - indexingtomongo - ('insertRawSkillsToClusters >>>', 40900)
2018-09-10 14:27:16,418 - DEBUG - indexingtomongo - ('insertRawSkillsToClusters >>>', 41000)
2018-09-10 14:27:16,669 - DEBUG - indexingtomongo - ('insertRawSkillsToClusters >>>', 41100)
2018-09-10 14:27:16,937 - DEBUG - indexingtomongo - ('insertRawSkillsToClusters >>>', 41200)
2018-09-10 14:27:17,169 - DEBUG - indexingtomongo - ('insertRawSkillsToClusters >>>', 41300)
2018-09-10 14:27:17,856 - DEBUG - indexingtomongo - ('insertRawSkillsToClusters >>>', 41400)
2018-09-10 14:27:18,063 - DEBUG - indexingtomongo - ('insertRawSkillsToClusters >>>', 41500)
2018-09-10 14:27:18,273 - DEBUG - indexingtomongo - ('insertRawSkillsToClusters >>>', 41600)
2018-09-10 14:27:18,526 - DEBUG - indexingtomongo - ('insertRawSkillsToClusters >>>', 41700)
2018-09-10 14:27:18,745 - DEBUG - indexingtomongo - ('insertRawSkillsToClusters >>>', 41800)
2018-09-10 14:27:18,987 - DEBUG - indexingtomongo - ('insertRawSkillsToClusters >>>', 41900)
2018-09-10 14:27:19,181 - DEBUG - indexingtomongo - ('insertRawSkillsToClusters >>>', 42000)
2018-09-10 14:27:19,360 - DEBUG - indexingtomongo - ('insertRawSkillsToClusters >>>', 42100)
2018-09-10 14:27:19,595 - DEBUG - indexingtomongo - ('insertRawSkillsToClusters >>>', 42200)
2018-09-10 14:27:19,818 - DEBUG - indexingtomongo - ('insertRawSkillsToClusters >>>', 42300)
2018-09-10 14:27:20,025 - DEBUG - indexingtomongo - ('insertRawSkillsToClusters >>>', 42400)
2018-09-10 14:27:20,221 - DEBUG - indexingtomongo - ('insertRawSkillsToClusters >>>', 42500)
2018-09-10 14:27:20,498 - DEBUG - indexingtomongo - ('insertRawSkillsToClusters >>>', 42600)
2018-09-10 14:27:20,757 - DEBUG - indexingtomongo - ('insertRawSkillsToClusters >>>', 42700)
2018-09-10 14:27:21,009 - DEBUG - indexingtomongo - ('insertRawSkillsToClusters >>>', 42800)
2018-09-10 14:27:21,220 - DEBUG - indexingtomongo - ('insertRawSkillsToClusters >>>', 42900)
2018-09-10 14:27:21,465 - DEBUG - indexingtomongo - ('insertRawSkillsToClusters >>>', 43000)
2018-09-10 14:27:21,668 - DEBUG - indexingtomongo - ('insertRawSkillsToClusters >>>', 43100)
2018-09-10 14:27:21,882 - DEBUG - indexingtomongo - ('insertRawSkillsToClusters >>>', 43200)
2018-09-10 14:27:22,153 - DEBUG - indexingtomongo - ('insertRawSkillsToClusters >>>', 43300)
2018-09-10 14:27:22,428 - DEBUG - indexingtomongo - ('insertRawSkillsToClusters >>>', 43400)
2018-09-10 14:27:22,702 - DEBUG - indexingtomongo - ('insertRawSkillsToClusters >>>', 43500)
2018-09-10 14:27:22,953 - DEBUG - indexingtomongo - ('insertRawSkillsToClusters >>>', 43600)
2018-09-10 14:27:23,200 - DEBUG - indexingtomongo - ('insertRawSkillsToClusters >>>', 43700)
2018-09-10 14:27:23,458 - DEBUG - indexingtomongo - ('insertRawSkillsToClusters >>>', 43800)
2018-09-10 14:27:23,655 - DEBUG - indexingtomongo - ('insertRawSkillsToClusters >>>', 43900)
2018-09-10 14:27:23,909 - DEBUG - indexingtomongo - ('insertRawSkillsToClusters >>>', 44000)
2018-09-10 14:27:24,117 - DEBUG - indexingtomongo - ('insertRawSkillsToClusters >>>', 44100)
2018-09-10 14:27:24,362 - DEBUG - indexingtomongo - ('insertRawSkillsToClusters >>>', 44200)
2018-09-10 14:27:24,600 - DEBUG - indexingtomongo - ('insertRawSkillsToClusters >>>', 44300)
2018-09-10 14:27:24,800 - DEBUG - indexingtomongo - ('insertRawSkillsToClusters >>>', 44400)
2018-09-10 14:27:24,982 - DEBUG - indexingtomongo - ('insertRawSkillsToClusters >>>', 44500)
2018-09-10 14:27:25,230 - DEBUG - indexingtomongo - ('insertRawSkillsToClusters >>>', 44600)
2018-09-10 14:27:25,515 - DEBUG - indexingtomongo - ('insertRawSkillsToClusters >>>', 44700)
2018-09-10 14:27:25,792 - DEBUG - indexingtomongo - ('insertRawSkillsToClusters >>>', 44800)
2018-09-10 14:27:26,030 - DEBUG - indexingtomongo - ('insertRawSkillsToClusters >>>', 44900)
2018-09-10 14:27:26,261 - DEBUG - indexingtomongo - ('insertRawSkillsToClusters >>>', 45000)
2018-09-10 14:27:26,471 - DEBUG - indexingtomongo - ('insertRawSkillsToClusters >>>', 45100)
2018-09-10 14:27:26,724 - DEBUG - indexingtomongo - ('insertRawSkillsToClusters >>>', 45200)
2018-09-10 14:27:26,941 - DEBUG - indexingtomongo - ('insertRawSkillsToClusters >>>', 45300)
2018-09-10 14:27:27,160 - DEBUG - indexingtomongo - ('insertRawSkillsToClusters >>>', 45400)
2018-09-10 14:27:27,371 - DEBUG - indexingtomongo - ('insertRawSkillsToClusters >>>', 45500)
2018-09-10 14:27:27,509 - DEBUG - indexingtomongo - ('insertRawSkillsToClusters >>>', 45600)
2018-09-10 14:27:27,741 - DEBUG - indexingtomongo - ('insertRawSkillsToClusters >>>', 45700)
2018-09-10 14:27:28,018 - DEBUG - indexingtomongo - ('insertRawSkillsToClusters >>>', 45800)
2018-09-10 14:27:28,273 - DEBUG - indexingtomongo - ('insertRawSkillsToClusters >>>', 45900)
2018-09-10 14:27:28,560 - DEBUG - indexingtomongo - ('insertRawSkillsToClusters >>>', 46000)
2018-09-10 14:27:28,835 - DEBUG - indexingtomongo - ('insertRawSkillsToClusters >>>', 46100)
2018-09-10 14:27:29,084 - DEBUG - indexingtomongo - ('insertRawSkillsToClusters >>>', 46200)
2018-09-10 14:27:29,385 - DEBUG - indexingtomongo - ('insertRawSkillsToClusters >>>', 46300)
2018-09-10 14:27:29,645 - DEBUG - indexingtomongo - ('insertRawSkillsToClusters >>>', 46400)
2018-09-10 14:27:29,894 - DEBUG - indexingtomongo - ('insertRawSkillsToClusters >>>', 46500)
2018-09-10 14:27:30,140 - DEBUG - indexingtomongo - ('insertRawSkillsToClusters >>>', 46600)
2018-09-10 14:27:30,448 - DEBUG - indexingtomongo - ('insertRawSkillsToClusters >>>', 46700)
2018-09-10 14:27:30,682 - DEBUG - indexingtomongo - ('insertRawSkillsToClusters >>>', 46800)
2018-09-10 14:32:16,697 - DEBUG - indexingtomongo - ('insertRawSkillsToClusters >>>', 0)
